11/23 10:03:21.888 [http-nio-8080-exec-2/INFO][NativeMethodAccessorImpl.invoke0:-2] [WebSquareConfig.getStringValue] key[//wqDefiner/@value] value[] defaultValue[]
11/23 10:03:21.896 [http-nio-8080-exec-2/INFO][NativeMethodAccessorImpl.invoke0:-2] [WebSquareConfig.getStringValue] key[//upload/@support] value[] defaultValue[true]
11/23 10:03:21.899 [http-nio-8080-exec-2/INFO][NativeMethodAccessorImpl.invoke0:-2] [WebSquareConfig.getStringValue] key[/websquare/upload/maxUploadSize/@value] value[536870912] defaultValue[1048576]
11/23 10:03:21.904 [http-nio-8080-exec-2/INFO][NativeMethodAccessorImpl.invoke0:-2] [WebSquareConfig.getStringValue] key[//upload/encoding/@value] value[UTF-8] defaultValue[KSC5601]
11/23 10:03:21.917 [http-nio-8080-exec-2/INFO][NativeMethodAccessorImpl.invoke0:-2] [WebSquareConfig.getStringValue] key[//upload/baseDir/@value] value[C:\A_teammoca_repository\eclipse_20231025\mocaerp2024\WebContent\fileUpload] defaultValue[null]
11/23 10:03:21.917 [http-nio-8080-exec-2/INFO][NativeMethodAccessorImpl.invoke0:-2] [WebSquareConfig.getStringValue] key[//upload/folderName/@value] value[up] defaultValue[]
11/23 10:03:21.976 [http-nio-8080-exec-2/INFO][NativeMethodAccessorImpl.invoke0:-2] [WebSquareConfig.getStringValue] key[//webpackType/@value] value[] defaultValue[default]
11/23 10:03:22.270 [http-nio-8080-exec-2/INFO][GeneratedMethodAccessor6.invoke:-1] [WebSquareConfig.getStringValue] key[//engineType/@baseFolder] value[] defaultValue[]
11/23 10:03:22.668 [http-nio-8080-exec-2/INFO][GeneratedMethodAccessor6.invoke:-1] [WebSquareConfig.getStringValue] key[//engineType/@coverage] value[notsupport] defaultValue[notsupport]
11/23 10:03:22.668 [http-nio-8080-exec-2/SEVERE][GeneratedMethodAccessor6.invoke:-1] LoadingModule [websquare.WebSquareEngine][3763500][1]
11/23 10:03:22.969 [http-nio-8080-exec-2/INFO][GeneratedMethodAccessor6.invoke:-1] [WebSquareConfig.getStringValue] key[//webpackType/@etag] value[] defaultValue[support]
11/23 10:03:23.703 [http-nio-8080-exec-6/INFO][GeneratedMethodAccessor6.invoke:-1] [WebSquareConfig.getStringValue] key[//date/encoding/@value] value[] defaultValue[UTF-8]
11/23 10:29:15.256 [http-nio-8080-exec-4/INFO][NativeMethodAccessorImpl.invoke0:-2] [WebSquareConfig.getStringValue] key[//wqDefiner/@value] value[] defaultValue[]
11/23 10:29:15.269 [http-nio-8080-exec-4/INFO][NativeMethodAccessorImpl.invoke0:-2] [WebSquareConfig.getStringValue] key[//upload/@support] value[] defaultValue[true]
11/23 10:29:15.271 [http-nio-8080-exec-4/INFO][NativeMethodAccessorImpl.invoke0:-2] [WebSquareConfig.getStringValue] key[/websquare/upload/maxUploadSize/@value] value[536870912] defaultValue[1048576]
11/23 10:29:15.277 [http-nio-8080-exec-4/INFO][NativeMethodAccessorImpl.invoke0:-2] [WebSquareConfig.getStringValue] key[//upload/encoding/@value] value[UTF-8] defaultValue[KSC5601]
11/23 10:29:15.285 [http-nio-8080-exec-4/INFO][NativeMethodAccessorImpl.invoke0:-2] [WebSquareConfig.getStringValue] key[//upload/baseDir/@value] value[C:\A_teammoca_repository\eclipse_20231025\mocaerp2024\WebContent\fileUpload] defaultValue[null]
11/23 10:29:15.288 [http-nio-8080-exec-4/INFO][NativeMethodAccessorImpl.invoke0:-2] [WebSquareConfig.getStringValue] key[//upload/folderName/@value] value[up] defaultValue[]
11/23 10:29:15.325 [http-nio-8080-exec-4/INFO][NativeMethodAccessorImpl.invoke0:-2] [WebSquareConfig.getStringValue] key[//webpackType/@value] value[] defaultValue[default]
11/23 10:29:15.512 [http-nio-8080-exec-4/INFO][GeneratedMethodAccessor6.invoke:-1] [WebSquareConfig.getStringValue] key[//engineType/@baseFolder] value[] defaultValue[]
11/23 10:29:15.771 [http-nio-8080-exec-4/INFO][GeneratedMethodAccessor6.invoke:-1] [WebSquareConfig.getStringValue] key[//engineType/@coverage] value[notsupport] defaultValue[notsupport]
11/23 10:29:15.771 [http-nio-8080-exec-4/SEVERE][GeneratedMethodAccessor6.invoke:-1] LoadingModule [websquare.WebSquareEngine][3763500][1]
11/23 10:29:15.995 [http-nio-8080-exec-4/INFO][GeneratedMethodAccessor6.invoke:-1] [WebSquareConfig.getStringValue] key[//webpackType/@etag] value[] defaultValue[support]
11/23 10:29:16.484 [http-nio-8080-exec-10/INFO][GeneratedMethodAccessor6.invoke:-1] [WebSquareConfig.getStringValue] key[//date/encoding/@value] value[] defaultValue[UTF-8]
11/23 10:38:34.261 [http-nio-8080-exec-2/INFO][NativeMethodAccessorImpl.invoke0:-2] [WebSquareConfig.getStringValue] key[//wqDefiner/@value] value[] defaultValue[]
11/23 10:38:34.264 [http-nio-8080-exec-2/INFO][NativeMethodAccessorImpl.invoke0:-2] [WebSquareConfig.getStringValue] key[//upload/@support] value[] defaultValue[true]
11/23 10:38:34.266 [http-nio-8080-exec-2/INFO][NativeMethodAccessorImpl.invoke0:-2] [WebSquareConfig.getStringValue] key[/websquare/upload/maxUploadSize/@value] value[536870912] defaultValue[1048576]
11/23 10:38:34.271 [http-nio-8080-exec-2/INFO][NativeMethodAccessorImpl.invoke0:-2] [WebSquareConfig.getStringValue] key[//upload/encoding/@value] value[UTF-8] defaultValue[KSC5601]
11/23 10:38:34.276 [http-nio-8080-exec-2/INFO][NativeMethodAccessorImpl.invoke0:-2] [WebSquareConfig.getStringValue] key[//upload/baseDir/@value] value[C:\A_teammoca_repository\eclipse_20231025\mocaerp2024\WebContent\fileUpload] defaultValue[null]
11/23 10:38:34.277 [http-nio-8080-exec-2/INFO][NativeMethodAccessorImpl.invoke0:-2] [WebSquareConfig.getStringValue] key[//upload/folderName/@value] value[up] defaultValue[]
11/23 10:38:34.316 [http-nio-8080-exec-2/INFO][NativeMethodAccessorImpl.invoke0:-2] [WebSquareConfig.getStringValue] key[//webpackType/@value] value[] defaultValue[default]
11/23 10:38:34.497 [http-nio-8080-exec-2/INFO][GeneratedMethodAccessor6.invoke:-1] [WebSquareConfig.getStringValue] key[//engineType/@baseFolder] value[] defaultValue[]
11/23 10:38:34.741 [http-nio-8080-exec-2/INFO][GeneratedMethodAccessor6.invoke:-1] [WebSquareConfig.getStringValue] key[//engineType/@coverage] value[notsupport] defaultValue[notsupport]
11/23 10:38:34.741 [http-nio-8080-exec-2/SEVERE][GeneratedMethodAccessor6.invoke:-1] LoadingModule [websquare.WebSquareEngine][3763500][1]
11/23 10:38:34.965 [http-nio-8080-exec-2/INFO][GeneratedMethodAccessor6.invoke:-1] [WebSquareConfig.getStringValue] key[//webpackType/@etag] value[] defaultValue[support]
11/23 10:38:35.466 [http-nio-8080-exec-9/INFO][GeneratedMethodAccessor6.invoke:-1] [WebSquareConfig.getStringValue] key[//date/encoding/@value] value[] defaultValue[UTF-8]
11/23 10:40:20.528 [http-nio-8080-exec-1/INFO][NativeMethodAccessorImpl.invoke0:-2] [WebSquareConfig.getStringValue] key[//wqDefiner/@value] value[] defaultValue[]
11/23 10:40:20.532 [http-nio-8080-exec-1/INFO][NativeMethodAccessorImpl.invoke0:-2] [WebSquareConfig.getStringValue] key[//upload/@support] value[] defaultValue[true]
11/23 10:40:20.535 [http-nio-8080-exec-1/INFO][NativeMethodAccessorImpl.invoke0:-2] [WebSquareConfig.getStringValue] key[/websquare/upload/maxUploadSize/@value] value[536870912] defaultValue[1048576]
11/23 10:40:20.545 [http-nio-8080-exec-1/INFO][NativeMethodAccessorImpl.invoke0:-2] [WebSquareConfig.getStringValue] key[//upload/encoding/@value] value[UTF-8] defaultValue[KSC5601]
11/23 10:40:20.551 [http-nio-8080-exec-1/INFO][NativeMethodAccessorImpl.invoke0:-2] [WebSquareConfig.getStringValue] key[//upload/baseDir/@value] value[C:\A_teammoca_repository\eclipse_20231025\mocaerp2024\WebContent\fileUpload] defaultValue[null]
11/23 10:40:20.553 [http-nio-8080-exec-1/INFO][NativeMethodAccessorImpl.invoke0:-2] [WebSquareConfig.getStringValue] key[//upload/folderName/@value] value[up] defaultValue[]
11/23 10:40:20.590 [http-nio-8080-exec-1/INFO][NativeMethodAccessorImpl.invoke0:-2] [WebSquareConfig.getStringValue] key[//webpackType/@value] value[] defaultValue[default]
11/23 10:40:20.774 [http-nio-8080-exec-1/INFO][GeneratedMethodAccessor6.invoke:-1] [WebSquareConfig.getStringValue] key[//engineType/@baseFolder] value[] defaultValue[]
11/23 10:40:21.022 [http-nio-8080-exec-1/INFO][GeneratedMethodAccessor6.invoke:-1] [WebSquareConfig.getStringValue] key[//engineType/@coverage] value[notsupport] defaultValue[notsupport]
11/23 10:40:21.022 [http-nio-8080-exec-1/SEVERE][GeneratedMethodAccessor6.invoke:-1] LoadingModule [websquare.WebSquareEngine][3763500][1]
11/23 10:40:21.220 [http-nio-8080-exec-1/INFO][GeneratedMethodAccessor6.invoke:-1] [WebSquareConfig.getStringValue] key[//webpackType/@etag] value[] defaultValue[support]
11/23 10:40:21.877 [http-nio-8080-exec-8/INFO][GeneratedMethodAccessor6.invoke:-1] [WebSquareConfig.getStringValue] key[//date/encoding/@value] value[] defaultValue[UTF-8]
11/23 10:42:12.947 [http-nio-8080-exec-3/INFO][NativeMethodAccessorImpl.invoke0:-2] [WebSquareConfig.getStringValue] key[//wqDefiner/@value] value[] defaultValue[]
11/23 10:42:12.950 [http-nio-8080-exec-3/INFO][NativeMethodAccessorImpl.invoke0:-2] [WebSquareConfig.getStringValue] key[//upload/@support] value[] defaultValue[true]
11/23 10:42:12.952 [http-nio-8080-exec-3/INFO][NativeMethodAccessorImpl.invoke0:-2] [WebSquareConfig.getStringValue] key[/websquare/upload/maxUploadSize/@value] value[536870912] defaultValue[1048576]
11/23 10:42:12.958 [http-nio-8080-exec-3/INFO][NativeMethodAccessorImpl.invoke0:-2] [WebSquareConfig.getStringValue] key[//upload/encoding/@value] value[UTF-8] defaultValue[KSC5601]
11/23 10:42:12.965 [http-nio-8080-exec-3/INFO][NativeMethodAccessorImpl.invoke0:-2] [WebSquareConfig.getStringValue] key[//upload/baseDir/@value] value[C:\A_teammoca_repository\eclipse_20231025\mocaerp2024\WebContent\fileUpload] defaultValue[null]
11/23 10:42:12.967 [http-nio-8080-exec-3/INFO][NativeMethodAccessorImpl.invoke0:-2] [WebSquareConfig.getStringValue] key[//upload/folderName/@value] value[up] defaultValue[]
11/23 10:42:13.006 [http-nio-8080-exec-3/INFO][NativeMethodAccessorImpl.invoke0:-2] [WebSquareConfig.getStringValue] key[//webpackType/@value] value[] defaultValue[default]
11/23 10:42:13.191 [http-nio-8080-exec-3/INFO][GeneratedMethodAccessor6.invoke:-1] [WebSquareConfig.getStringValue] key[//engineType/@baseFolder] value[] defaultValue[]
11/23 10:42:13.440 [http-nio-8080-exec-3/INFO][GeneratedMethodAccessor6.invoke:-1] [WebSquareConfig.getStringValue] key[//engineType/@coverage] value[notsupport] defaultValue[notsupport]
11/23 10:42:13.440 [http-nio-8080-exec-3/SEVERE][GeneratedMethodAccessor6.invoke:-1] LoadingModule [websquare.WebSquareEngine][3763500][1]
11/23 10:42:13.651 [http-nio-8080-exec-3/INFO][GeneratedMethodAccessor6.invoke:-1] [WebSquareConfig.getStringValue] key[//webpackType/@etag] value[] defaultValue[support]
11/23 10:42:14.302 [http-nio-8080-exec-1/INFO][GeneratedMethodAccessor6.invoke:-1] [WebSquareConfig.getStringValue] key[//date/encoding/@value] value[] defaultValue[UTF-8]
11/23 10:46:16.486 [http-nio-8080-exec-2/INFO][NativeMethodAccessorImpl.invoke0:-2] [WebSquareConfig.getStringValue] key[//wqDefiner/@value] value[] defaultValue[]
11/23 10:46:16.489 [http-nio-8080-exec-2/INFO][NativeMethodAccessorImpl.invoke0:-2] [WebSquareConfig.getStringValue] key[//upload/@support] value[] defaultValue[true]
11/23 10:46:16.492 [http-nio-8080-exec-2/INFO][NativeMethodAccessorImpl.invoke0:-2] [WebSquareConfig.getStringValue] key[/websquare/upload/maxUploadSize/@value] value[536870912] defaultValue[1048576]
11/23 10:46:16.500 [http-nio-8080-exec-2/INFO][NativeMethodAccessorImpl.invoke0:-2] [WebSquareConfig.getStringValue] key[//upload/encoding/@value] value[UTF-8] defaultValue[KSC5601]
11/23 10:46:16.506 [http-nio-8080-exec-2/INFO][NativeMethodAccessorImpl.invoke0:-2] [WebSquareConfig.getStringValue] key[//upload/baseDir/@value] value[C:\A_teammoca_repository\eclipse_20231025\mocaerp2024\WebContent\fileUpload] defaultValue[null]
11/23 10:46:16.509 [http-nio-8080-exec-2/INFO][NativeMethodAccessorImpl.invoke0:-2] [WebSquareConfig.getStringValue] key[//upload/folderName/@value] value[up] defaultValue[]
11/23 10:46:16.553 [http-nio-8080-exec-2/INFO][NativeMethodAccessorImpl.invoke0:-2] [WebSquareConfig.getStringValue] key[//webpackType/@value] value[] defaultValue[default]
11/23 10:46:16.739 [http-nio-8080-exec-2/INFO][GeneratedMethodAccessor6.invoke:-1] [WebSquareConfig.getStringValue] key[//engineType/@baseFolder] value[] defaultValue[]
11/23 10:46:17.000 [http-nio-8080-exec-2/INFO][GeneratedMethodAccessor6.invoke:-1] [WebSquareConfig.getStringValue] key[//engineType/@coverage] value[notsupport] defaultValue[notsupport]
11/23 10:46:17.002 [http-nio-8080-exec-2/SEVERE][GeneratedMethodAccessor6.invoke:-1] LoadingModule [websquare.WebSquareEngine][3763500][1]
11/23 10:46:17.208 [http-nio-8080-exec-2/INFO][GeneratedMethodAccessor6.invoke:-1] [WebSquareConfig.getStringValue] key[//webpackType/@etag] value[] defaultValue[support]
11/23 10:46:17.891 [http-nio-8080-exec-9/INFO][GeneratedMethodAccessor6.invoke:-1] [WebSquareConfig.getStringValue] key[//date/encoding/@value] value[] defaultValue[UTF-8]
11/23 10:51:28.373 [http-nio-8080-exec-2/INFO][NativeMethodAccessorImpl.invoke0:-2] [WebSquareConfig.getStringValue] key[//wqDefiner/@value] value[] defaultValue[]
11/23 10:51:28.384 [http-nio-8080-exec-2/INFO][NativeMethodAccessorImpl.invoke0:-2] [WebSquareConfig.getStringValue] key[//upload/@support] value[] defaultValue[true]
11/23 10:51:28.386 [http-nio-8080-exec-2/INFO][NativeMethodAccessorImpl.invoke0:-2] [WebSquareConfig.getStringValue] key[/websquare/upload/maxUploadSize/@value] value[536870912] defaultValue[1048576]
11/23 10:51:28.392 [http-nio-8080-exec-2/INFO][NativeMethodAccessorImpl.invoke0:-2] [WebSquareConfig.getStringValue] key[//upload/encoding/@value] value[UTF-8] defaultValue[KSC5601]
11/23 10:51:28.398 [http-nio-8080-exec-2/INFO][NativeMethodAccessorImpl.invoke0:-2] [WebSquareConfig.getStringValue] key[//upload/baseDir/@value] value[C:\A_teammoca_repository\eclipse_20231025\mocaerp2024\WebContent\fileUpload] defaultValue[null]
11/23 10:51:28.401 [http-nio-8080-exec-2/INFO][NativeMethodAccessorImpl.invoke0:-2] [WebSquareConfig.getStringValue] key[//upload/folderName/@value] value[up] defaultValue[]
11/23 10:51:28.442 [http-nio-8080-exec-2/INFO][NativeMethodAccessorImpl.invoke0:-2] [WebSquareConfig.getStringValue] key[//webpackType/@value] value[] defaultValue[default]
11/23 10:51:28.630 [http-nio-8080-exec-2/INFO][GeneratedMethodAccessor6.invoke:-1] [WebSquareConfig.getStringValue] key[//engineType/@baseFolder] value[] defaultValue[]
11/23 10:51:28.881 [http-nio-8080-exec-2/INFO][GeneratedMethodAccessor6.invoke:-1] [WebSquareConfig.getStringValue] key[//engineType/@coverage] value[notsupport] defaultValue[notsupport]
11/23 10:51:28.882 [http-nio-8080-exec-2/SEVERE][GeneratedMethodAccessor6.invoke:-1] LoadingModule [websquare.WebSquareEngine][3763500][1]
11/23 10:51:29.096 [http-nio-8080-exec-2/INFO][GeneratedMethodAccessor6.invoke:-1] [WebSquareConfig.getStringValue] key[//webpackType/@etag] value[] defaultValue[support]
11/23 10:51:29.574 [http-nio-8080-exec-9/INFO][GeneratedMethodAccessor6.invoke:-1] [WebSquareConfig.getStringValue] key[//date/encoding/@value] value[] defaultValue[UTF-8]
11/23 10:58:46.064 [http-nio-8080-exec-2/INFO][NativeMethodAccessorImpl.invoke0:-2] [WebSquareConfig.getStringValue] key[//wqDefiner/@value] value[] defaultValue[]
11/23 10:58:46.079 [http-nio-8080-exec-2/INFO][NativeMethodAccessorImpl.invoke0:-2] [WebSquareConfig.getStringValue] key[//upload/@support] value[] defaultValue[true]
11/23 10:58:46.079 [http-nio-8080-exec-2/INFO][NativeMethodAccessorImpl.invoke0:-2] [WebSquareConfig.getStringValue] key[/websquare/upload/maxUploadSize/@value] value[536870912] defaultValue[1048576]
11/23 10:58:46.084 [http-nio-8080-exec-2/INFO][NativeMethodAccessorImpl.invoke0:-2] [WebSquareConfig.getStringValue] key[//upload/encoding/@value] value[UTF-8] defaultValue[KSC5601]
11/23 10:58:46.084 [http-nio-8080-exec-2/INFO][NativeMethodAccessorImpl.invoke0:-2] [WebSquareConfig.getStringValue] key[//upload/baseDir/@value] value[C:\A_teammoca_repository\eclipse_20231025\mocaerp2024\WebContent\fileUpload] defaultValue[null]
11/23 10:58:46.084 [http-nio-8080-exec-2/INFO][NativeMethodAccessorImpl.invoke0:-2] [WebSquareConfig.getStringValue] key[//upload/folderName/@value] value[up] defaultValue[]
11/23 10:58:46.127 [http-nio-8080-exec-2/INFO][NativeMethodAccessorImpl.invoke0:-2] [WebSquareConfig.getStringValue] key[//webpackType/@value] value[] defaultValue[default]
11/23 10:58:46.502 [http-nio-8080-exec-2/INFO][GeneratedMethodAccessor6.invoke:-1] [WebSquareConfig.getStringValue] key[//engineType/@baseFolder] value[] defaultValue[]
11/23 10:58:46.738 [http-nio-8080-exec-2/INFO][GeneratedMethodAccessor6.invoke:-1] [WebSquareConfig.getStringValue] key[//engineType/@coverage] value[notsupport] defaultValue[notsupport]
11/23 10:58:46.739 [http-nio-8080-exec-2/SEVERE][GeneratedMethodAccessor6.invoke:-1] LoadingModule [websquare.WebSquareEngine][3763500][1]
11/23 10:58:46.924 [http-nio-8080-exec-2/INFO][GeneratedMethodAccessor6.invoke:-1] [WebSquareConfig.getStringValue] key[//webpackType/@etag] value[] defaultValue[support]
11/23 10:58:47.637 [http-nio-8080-exec-1/INFO][GeneratedMethodAccessor6.invoke:-1] [WebSquareConfig.getStringValue] key[//date/encoding/@value] value[] defaultValue[UTF-8]
11/23 11:30:27.909 [http-nio-8080-exec-2/INFO][NativeMethodAccessorImpl.invoke0:-2] [WebSquareConfig.getStringValue] key[//wqDefiner/@value] value[] defaultValue[]
11/23 11:30:27.909 [http-nio-8080-exec-2/INFO][NativeMethodAccessorImpl.invoke0:-2] [WebSquareConfig.getStringValue] key[//upload/@support] value[] defaultValue[true]
11/23 11:30:27.925 [http-nio-8080-exec-2/INFO][NativeMethodAccessorImpl.invoke0:-2] [WebSquareConfig.getStringValue] key[/websquare/upload/maxUploadSize/@value] value[536870912] defaultValue[1048576]
11/23 11:30:27.929 [http-nio-8080-exec-2/INFO][NativeMethodAccessorImpl.invoke0:-2] [WebSquareConfig.getStringValue] key[//upload/encoding/@value] value[UTF-8] defaultValue[KSC5601]
11/23 11:30:27.945 [http-nio-8080-exec-2/INFO][NativeMethodAccessorImpl.invoke0:-2] [WebSquareConfig.getStringValue] key[//upload/baseDir/@value] value[C:\A_teammoca_repository\eclipse_20231025\mocaerp2024\WebContent\fileUpload] defaultValue[null]
11/23 11:30:27.951 [http-nio-8080-exec-2/INFO][NativeMethodAccessorImpl.invoke0:-2] [WebSquareConfig.getStringValue] key[//upload/folderName/@value] value[up] defaultValue[]
11/23 11:30:28.002 [http-nio-8080-exec-2/INFO][NativeMethodAccessorImpl.invoke0:-2] [WebSquareConfig.getStringValue] key[//webpackType/@value] value[] defaultValue[default]
11/23 11:30:28.228 [http-nio-8080-exec-2/INFO][GeneratedMethodAccessor6.invoke:-1] [WebSquareConfig.getStringValue] key[//engineType/@baseFolder] value[] defaultValue[]
11/23 11:30:28.576 [http-nio-8080-exec-2/INFO][GeneratedMethodAccessor6.invoke:-1] [WebSquareConfig.getStringValue] key[//engineType/@coverage] value[notsupport] defaultValue[notsupport]
11/23 11:30:28.576 [http-nio-8080-exec-2/SEVERE][GeneratedMethodAccessor6.invoke:-1] LoadingModule [websquare.WebSquareEngine][3763500][1]
11/23 11:30:28.871 [http-nio-8080-exec-2/INFO][GeneratedMethodAccessor6.invoke:-1] [WebSquareConfig.getStringValue] key[//webpackType/@etag] value[] defaultValue[support]
11/23 11:30:29.388 [http-nio-8080-exec-1/INFO][GeneratedMethodAccessor6.invoke:-1] [WebSquareConfig.getStringValue] key[//date/encoding/@value] value[] defaultValue[UTF-8]
11/23 13:09:32.467 [http-nio-8080-exec-2/INFO][NativeMethodAccessorImpl.invoke0:-2] [WebSquareConfig.getStringValue] key[//wqDefiner/@value] value[] defaultValue[]
11/23 13:09:32.471 [http-nio-8080-exec-2/INFO][NativeMethodAccessorImpl.invoke0:-2] [WebSquareConfig.getStringValue] key[//upload/@support] value[] defaultValue[true]
11/23 13:09:32.475 [http-nio-8080-exec-2/INFO][NativeMethodAccessorImpl.invoke0:-2] [WebSquareConfig.getStringValue] key[/websquare/upload/maxUploadSize/@value] value[536870912] defaultValue[1048576]
11/23 13:09:32.481 [http-nio-8080-exec-2/INFO][NativeMethodAccessorImpl.invoke0:-2] [WebSquareConfig.getStringValue] key[//upload/encoding/@value] value[UTF-8] defaultValue[KSC5601]
11/23 13:09:32.485 [http-nio-8080-exec-2/INFO][NativeMethodAccessorImpl.invoke0:-2] [WebSquareConfig.getStringValue] key[//upload/baseDir/@value] value[C:\A_teammoca_repository\eclipse_20231025\mocaerp2024\WebContent\fileUpload] defaultValue[null]
11/23 13:09:32.489 [http-nio-8080-exec-2/INFO][NativeMethodAccessorImpl.invoke0:-2] [WebSquareConfig.getStringValue] key[//upload/folderName/@value] value[up] defaultValue[]
11/23 13:09:32.530 [http-nio-8080-exec-2/INFO][NativeMethodAccessorImpl.invoke0:-2] [WebSquareConfig.getStringValue] key[//webpackType/@value] value[] defaultValue[default]
11/23 13:09:32.765 [http-nio-8080-exec-2/INFO][GeneratedMethodAccessor6.invoke:-1] [WebSquareConfig.getStringValue] key[//engineType/@baseFolder] value[] defaultValue[]
11/23 13:09:33.015 [http-nio-8080-exec-2/INFO][GeneratedMethodAccessor6.invoke:-1] [WebSquareConfig.getStringValue] key[//engineType/@coverage] value[notsupport] defaultValue[notsupport]
11/23 13:09:33.016 [http-nio-8080-exec-2/SEVERE][GeneratedMethodAccessor6.invoke:-1] LoadingModule [websquare.WebSquareEngine][3763500][1]
11/23 13:09:33.223 [http-nio-8080-exec-2/INFO][GeneratedMethodAccessor6.invoke:-1] [WebSquareConfig.getStringValue] key[//webpackType/@etag] value[] defaultValue[support]
11/23 13:09:33.784 [http-nio-8080-exec-10/INFO][GeneratedMethodAccessor6.invoke:-1] [WebSquareConfig.getStringValue] key[//date/encoding/@value] value[] defaultValue[UTF-8]
11/23 13:21:38.654 [http-nio-8080-exec-2/INFO][NativeMethodAccessorImpl.invoke0:-2] [WebSquareConfig.getStringValue] key[//wqDefiner/@value] value[] defaultValue[]
11/23 13:21:38.658 [http-nio-8080-exec-2/INFO][NativeMethodAccessorImpl.invoke0:-2] [WebSquareConfig.getStringValue] key[//upload/@support] value[] defaultValue[true]
11/23 13:21:38.662 [http-nio-8080-exec-2/INFO][NativeMethodAccessorImpl.invoke0:-2] [WebSquareConfig.getStringValue] key[/websquare/upload/maxUploadSize/@value] value[536870912] defaultValue[1048576]
11/23 13:21:38.667 [http-nio-8080-exec-2/INFO][NativeMethodAccessorImpl.invoke0:-2] [WebSquareConfig.getStringValue] key[//upload/encoding/@value] value[UTF-8] defaultValue[KSC5601]
11/23 13:21:38.671 [http-nio-8080-exec-2/INFO][NativeMethodAccessorImpl.invoke0:-2] [WebSquareConfig.getStringValue] key[//upload/baseDir/@value] value[C:\A_teammoca_repository\eclipse_20231025\mocaerp2024\WebContent\fileUpload] defaultValue[null]
11/23 13:21:38.673 [http-nio-8080-exec-2/INFO][NativeMethodAccessorImpl.invoke0:-2] [WebSquareConfig.getStringValue] key[//upload/folderName/@value] value[up] defaultValue[]
11/23 13:21:38.707 [http-nio-8080-exec-2/INFO][NativeMethodAccessorImpl.invoke0:-2] [WebSquareConfig.getStringValue] key[//webpackType/@value] value[] defaultValue[default]
11/23 13:21:38.889 [http-nio-8080-exec-2/INFO][GeneratedMethodAccessor6.invoke:-1] [WebSquareConfig.getStringValue] key[//engineType/@baseFolder] value[] defaultValue[]
11/23 13:21:39.122 [http-nio-8080-exec-2/INFO][GeneratedMethodAccessor6.invoke:-1] [WebSquareConfig.getStringValue] key[//engineType/@coverage] value[notsupport] defaultValue[notsupport]
11/23 13:21:39.124 [http-nio-8080-exec-2/SEVERE][GeneratedMethodAccessor6.invoke:-1] LoadingModule [websquare.WebSquareEngine][3763500][1]
11/23 13:21:39.318 [http-nio-8080-exec-2/INFO][GeneratedMethodAccessor6.invoke:-1] [WebSquareConfig.getStringValue] key[//webpackType/@etag] value[] defaultValue[support]
11/23 13:21:39.820 [http-nio-8080-exec-1/INFO][GeneratedMethodAccessor6.invoke:-1] [WebSquareConfig.getStringValue] key[//date/encoding/@value] value[] defaultValue[UTF-8]
11/23 13:37:16.655 [http-nio-8080-exec-2/INFO][NativeMethodAccessorImpl.invoke0:-2] [WebSquareConfig.getStringValue] key[//wqDefiner/@value] value[] defaultValue[]
11/23 13:37:16.659 [http-nio-8080-exec-2/INFO][NativeMethodAccessorImpl.invoke0:-2] [WebSquareConfig.getStringValue] key[//upload/@support] value[] defaultValue[true]
11/23 13:37:16.663 [http-nio-8080-exec-2/INFO][NativeMethodAccessorImpl.invoke0:-2] [WebSquareConfig.getStringValue] key[/websquare/upload/maxUploadSize/@value] value[536870912] defaultValue[1048576]
11/23 13:37:16.669 [http-nio-8080-exec-2/INFO][NativeMethodAccessorImpl.invoke0:-2] [WebSquareConfig.getStringValue] key[//upload/encoding/@value] value[UTF-8] defaultValue[KSC5601]
11/23 13:37:16.675 [http-nio-8080-exec-2/INFO][NativeMethodAccessorImpl.invoke0:-2] [WebSquareConfig.getStringValue] key[//upload/baseDir/@value] value[C:\A_teammoca_repository\eclipse_20231025\mocaerp2024\WebContent\fileUpload] defaultValue[null]
11/23 13:37:16.686 [http-nio-8080-exec-2/INFO][NativeMethodAccessorImpl.invoke0:-2] [WebSquareConfig.getStringValue] key[//upload/folderName/@value] value[up] defaultValue[]
11/23 13:37:16.725 [http-nio-8080-exec-2/INFO][NativeMethodAccessorImpl.invoke0:-2] [WebSquareConfig.getStringValue] key[//webpackType/@value] value[] defaultValue[default]
11/23 13:37:16.902 [http-nio-8080-exec-2/INFO][GeneratedMethodAccessor6.invoke:-1] [WebSquareConfig.getStringValue] key[//engineType/@baseFolder] value[] defaultValue[]
11/23 13:37:17.178 [http-nio-8080-exec-2/INFO][GeneratedMethodAccessor6.invoke:-1] [WebSquareConfig.getStringValue] key[//engineType/@coverage] value[notsupport] defaultValue[notsupport]
11/23 13:37:17.178 [http-nio-8080-exec-2/SEVERE][GeneratedMethodAccessor6.invoke:-1] LoadingModule [websquare.WebSquareEngine][3763500][1]
11/23 13:37:17.429 [http-nio-8080-exec-2/INFO][GeneratedMethodAccessor6.invoke:-1] [WebSquareConfig.getStringValue] key[//webpackType/@etag] value[] defaultValue[support]
11/23 13:37:17.904 [http-nio-8080-exec-1/INFO][GeneratedMethodAccessor6.invoke:-1] [WebSquareConfig.getStringValue] key[//date/encoding/@value] value[] defaultValue[UTF-8]
11/23 14:18:34.014 [http-nio-8080-exec-2/INFO][NativeMethodAccessorImpl.invoke0:-2] [WebSquareConfig.getStringValue] key[//wqDefiner/@value] value[] defaultValue[]
11/23 14:18:34.020 [http-nio-8080-exec-2/INFO][NativeMethodAccessorImpl.invoke0:-2] [WebSquareConfig.getStringValue] key[//upload/@support] value[] defaultValue[true]
11/23 14:18:34.022 [http-nio-8080-exec-2/INFO][NativeMethodAccessorImpl.invoke0:-2] [WebSquareConfig.getStringValue] key[/websquare/upload/maxUploadSize/@value] value[536870912] defaultValue[1048576]
11/23 14:18:34.029 [http-nio-8080-exec-2/INFO][NativeMethodAccessorImpl.invoke0:-2] [WebSquareConfig.getStringValue] key[//upload/encoding/@value] value[UTF-8] defaultValue[KSC5601]
11/23 14:18:34.033 [http-nio-8080-exec-2/INFO][NativeMethodAccessorImpl.invoke0:-2] [WebSquareConfig.getStringValue] key[//upload/baseDir/@value] value[C:\A_teammoca_repository\eclipse_20231025\mocaerp2024\WebContent\fileUpload] defaultValue[null]
11/23 14:18:34.035 [http-nio-8080-exec-2/INFO][NativeMethodAccessorImpl.invoke0:-2] [WebSquareConfig.getStringValue] key[//upload/folderName/@value] value[up] defaultValue[]
11/23 14:18:34.066 [http-nio-8080-exec-2/INFO][NativeMethodAccessorImpl.invoke0:-2] [WebSquareConfig.getStringValue] key[//webpackType/@value] value[] defaultValue[default]
11/23 14:18:34.254 [http-nio-8080-exec-2/INFO][GeneratedMethodAccessor6.invoke:-1] [WebSquareConfig.getStringValue] key[//engineType/@baseFolder] value[] defaultValue[]
11/23 14:18:34.483 [http-nio-8080-exec-2/INFO][GeneratedMethodAccessor6.invoke:-1] [WebSquareConfig.getStringValue] key[//engineType/@coverage] value[notsupport] defaultValue[notsupport]
11/23 14:18:34.483 [http-nio-8080-exec-2/SEVERE][GeneratedMethodAccessor6.invoke:-1] LoadingModule [websquare.WebSquareEngine][3763500][1]
11/23 14:18:34.686 [http-nio-8080-exec-2/INFO][GeneratedMethodAccessor6.invoke:-1] [WebSquareConfig.getStringValue] key[//webpackType/@etag] value[] defaultValue[support]
11/23 14:18:35.037 [http-nio-8080-exec-10/INFO][GeneratedMethodAccessor6.invoke:-1] [WebSquareConfig.getStringValue] key[//date/encoding/@value] value[] defaultValue[UTF-8]
11/23 14:49:04.771 [http-nio-8080-exec-2/INFO][NativeMethodAccessorImpl.invoke0:-2] [WebSquareConfig.getStringValue] key[//wqDefiner/@value] value[] defaultValue[]
11/23 14:49:04.778 [http-nio-8080-exec-2/INFO][NativeMethodAccessorImpl.invoke0:-2] [WebSquareConfig.getStringValue] key[//upload/@support] value[] defaultValue[true]
11/23 14:49:04.783 [http-nio-8080-exec-2/INFO][NativeMethodAccessorImpl.invoke0:-2] [WebSquareConfig.getStringValue] key[/websquare/upload/maxUploadSize/@value] value[536870912] defaultValue[1048576]
11/23 14:49:04.789 [http-nio-8080-exec-2/INFO][NativeMethodAccessorImpl.invoke0:-2] [WebSquareConfig.getStringValue] key[//upload/encoding/@value] value[UTF-8] defaultValue[KSC5601]
11/23 14:49:04.794 [http-nio-8080-exec-2/INFO][NativeMethodAccessorImpl.invoke0:-2] [WebSquareConfig.getStringValue] key[//upload/baseDir/@value] value[C:\A_teammoca_repository\eclipse_20231025\mocaerp2024\WebContent\fileUpload] defaultValue[null]
11/23 14:49:04.796 [http-nio-8080-exec-2/INFO][NativeMethodAccessorImpl.invoke0:-2] [WebSquareConfig.getStringValue] key[//upload/folderName/@value] value[up] defaultValue[]
11/23 14:49:04.835 [http-nio-8080-exec-2/INFO][NativeMethodAccessorImpl.invoke0:-2] [WebSquareConfig.getStringValue] key[//webpackType/@value] value[] defaultValue[default]
11/23 14:49:05.028 [http-nio-8080-exec-2/INFO][GeneratedMethodAccessor6.invoke:-1] [WebSquareConfig.getStringValue] key[//engineType/@baseFolder] value[] defaultValue[]
11/23 14:49:05.280 [http-nio-8080-exec-2/INFO][GeneratedMethodAccessor6.invoke:-1] [WebSquareConfig.getStringValue] key[//engineType/@coverage] value[notsupport] defaultValue[notsupport]
11/23 14:49:05.281 [http-nio-8080-exec-2/SEVERE][GeneratedMethodAccessor6.invoke:-1] LoadingModule [websquare.WebSquareEngine][3763500][1]
11/23 14:49:05.493 [http-nio-8080-exec-2/INFO][GeneratedMethodAccessor6.invoke:-1] [WebSquareConfig.getStringValue] key[//webpackType/@etag] value[] defaultValue[support]
11/23 14:49:05.843 [http-nio-8080-exec-1/INFO][GeneratedMethodAccessor6.invoke:-1] [WebSquareConfig.getStringValue] key[//date/encoding/@value] value[] defaultValue[UTF-8]
11/23 14:55:41.499 [http-nio-8080-exec-2/INFO][NativeMethodAccessorImpl.invoke0:-2] [WebSquareConfig.getStringValue] key[//wqDefiner/@value] value[] defaultValue[]
11/23 14:55:41.506 [http-nio-8080-exec-2/INFO][NativeMethodAccessorImpl.invoke0:-2] [WebSquareConfig.getStringValue] key[//upload/@support] value[] defaultValue[true]
11/23 14:55:41.510 [http-nio-8080-exec-2/INFO][NativeMethodAccessorImpl.invoke0:-2] [WebSquareConfig.getStringValue] key[/websquare/upload/maxUploadSize/@value] value[536870912] defaultValue[1048576]
11/23 14:55:41.517 [http-nio-8080-exec-2/INFO][NativeMethodAccessorImpl.invoke0:-2] [WebSquareConfig.getStringValue] key[//upload/encoding/@value] value[UTF-8] defaultValue[KSC5601]
11/23 14:55:41.520 [http-nio-8080-exec-2/INFO][NativeMethodAccessorImpl.invoke0:-2] [WebSquareConfig.getStringValue] key[//upload/baseDir/@value] value[C:\A_teammoca_repository\eclipse_20231025\mocaerp2024\WebContent\fileUpload] defaultValue[null]
11/23 14:55:41.522 [http-nio-8080-exec-2/INFO][NativeMethodAccessorImpl.invoke0:-2] [WebSquareConfig.getStringValue] key[//upload/folderName/@value] value[up] defaultValue[]
11/23 14:55:41.559 [http-nio-8080-exec-2/INFO][NativeMethodAccessorImpl.invoke0:-2] [WebSquareConfig.getStringValue] key[//webpackType/@value] value[] defaultValue[default]
11/23 14:55:41.737 [http-nio-8080-exec-2/INFO][GeneratedMethodAccessor6.invoke:-1] [WebSquareConfig.getStringValue] key[//engineType/@baseFolder] value[] defaultValue[]
11/23 14:55:42.091 [http-nio-8080-exec-2/INFO][GeneratedMethodAccessor6.invoke:-1] [WebSquareConfig.getStringValue] key[//engineType/@coverage] value[notsupport] defaultValue[notsupport]
11/23 14:55:42.091 [http-nio-8080-exec-2/SEVERE][GeneratedMethodAccessor6.invoke:-1] LoadingModule [websquare.WebSquareEngine][3763500][1]
11/23 14:55:42.329 [http-nio-8080-exec-2/INFO][GeneratedMethodAccessor6.invoke:-1] [WebSquareConfig.getStringValue] key[//webpackType/@etag] value[] defaultValue[support]
11/23 14:55:42.691 [http-nio-8080-exec-10/INFO][GeneratedMethodAccessor6.invoke:-1] [WebSquareConfig.getStringValue] key[//date/encoding/@value] value[] defaultValue[UTF-8]
11/23 15:03:42.825 [http-nio-8080-exec-2/INFO][NativeMethodAccessorImpl.invoke0:-2] [WebSquareConfig.getStringValue] key[//wqDefiner/@value] value[] defaultValue[]
11/23 15:03:42.829 [http-nio-8080-exec-2/INFO][NativeMethodAccessorImpl.invoke0:-2] [WebSquareConfig.getStringValue] key[//upload/@support] value[] defaultValue[true]
11/23 15:03:42.833 [http-nio-8080-exec-2/INFO][NativeMethodAccessorImpl.invoke0:-2] [WebSquareConfig.getStringValue] key[/websquare/upload/maxUploadSize/@value] value[536870912] defaultValue[1048576]
11/23 15:03:42.842 [http-nio-8080-exec-2/INFO][NativeMethodAccessorImpl.invoke0:-2] [WebSquareConfig.getStringValue] key[//upload/encoding/@value] value[UTF-8] defaultValue[KSC5601]
11/23 15:03:42.848 [http-nio-8080-exec-2/INFO][NativeMethodAccessorImpl.invoke0:-2] [WebSquareConfig.getStringValue] key[//upload/baseDir/@value] value[C:\A_teammoca_repository\eclipse_20231025\mocaerp2024\WebContent\fileUpload] defaultValue[null]
11/23 15:03:42.849 [http-nio-8080-exec-2/INFO][NativeMethodAccessorImpl.invoke0:-2] [WebSquareConfig.getStringValue] key[//upload/folderName/@value] value[up] defaultValue[]
11/23 15:03:42.902 [http-nio-8080-exec-2/INFO][NativeMethodAccessorImpl.invoke0:-2] [WebSquareConfig.getStringValue] key[//webpackType/@value] value[] defaultValue[default]
11/23 15:03:43.179 [http-nio-8080-exec-2/INFO][GeneratedMethodAccessor6.invoke:-1] [WebSquareConfig.getStringValue] key[//engineType/@baseFolder] value[] defaultValue[]
11/23 15:03:43.628 [http-nio-8080-exec-2/INFO][GeneratedMethodAccessor6.invoke:-1] [WebSquareConfig.getStringValue] key[//engineType/@coverage] value[notsupport] defaultValue[notsupport]
11/23 15:03:43.628 [http-nio-8080-exec-2/SEVERE][GeneratedMethodAccessor6.invoke:-1] LoadingModule [websquare.WebSquareEngine][3763500][1]
11/23 15:03:43.983 [http-nio-8080-exec-2/INFO][GeneratedMethodAccessor6.invoke:-1] [WebSquareConfig.getStringValue] key[//webpackType/@etag] value[] defaultValue[support]
11/23 15:03:44.196 [http-nio-8080-exec-10/INFO][GeneratedMethodAccessor6.invoke:-1] [WebSquareConfig.getStringValue] key[//date/encoding/@value] value[] defaultValue[UTF-8]
11/23 15:08:50.137 [http-nio-8080-exec-1/INFO][NativeMethodAccessorImpl.invoke0:-2] [WebSquareConfig.getStringValue] key[//wqDefiner/@value] value[] defaultValue[]
11/23 15:08:50.141 [http-nio-8080-exec-1/INFO][NativeMethodAccessorImpl.invoke0:-2] [WebSquareConfig.getStringValue] key[//upload/@support] value[] defaultValue[true]
11/23 15:08:50.143 [http-nio-8080-exec-1/INFO][NativeMethodAccessorImpl.invoke0:-2] [WebSquareConfig.getStringValue] key[/websquare/upload/maxUploadSize/@value] value[536870912] defaultValue[1048576]
11/23 15:08:50.150 [http-nio-8080-exec-1/INFO][NativeMethodAccessorImpl.invoke0:-2] [WebSquareConfig.getStringValue] key[//upload/encoding/@value] value[UTF-8] defaultValue[KSC5601]
11/23 15:08:50.152 [http-nio-8080-exec-1/INFO][NativeMethodAccessorImpl.invoke0:-2] [WebSquareConfig.getStringValue] key[//upload/baseDir/@value] value[C:\A_teammoca_repository\eclipse_20231025\mocaerp2024\WebContent\fileUpload] defaultValue[null]
11/23 15:08:50.153 [http-nio-8080-exec-1/INFO][NativeMethodAccessorImpl.invoke0:-2] [WebSquareConfig.getStringValue] key[//upload/folderName/@value] value[up] defaultValue[]
11/23 15:08:50.185 [http-nio-8080-exec-1/INFO][NativeMethodAccessorImpl.invoke0:-2] [WebSquareConfig.getStringValue] key[//webpackType/@value] value[] defaultValue[default]
11/23 15:08:50.379 [http-nio-8080-exec-1/INFO][GeneratedMethodAccessor6.invoke:-1] [WebSquareConfig.getStringValue] key[//engineType/@baseFolder] value[] defaultValue[]
11/23 15:08:50.630 [http-nio-8080-exec-1/INFO][GeneratedMethodAccessor6.invoke:-1] [WebSquareConfig.getStringValue] key[//engineType/@coverage] value[notsupport] defaultValue[notsupport]
11/23 15:08:50.631 [http-nio-8080-exec-1/SEVERE][GeneratedMethodAccessor6.invoke:-1] LoadingModule [websquare.WebSquareEngine][3763500][1]
11/23 15:08:50.827 [http-nio-8080-exec-1/INFO][GeneratedMethodAccessor6.invoke:-1] [WebSquareConfig.getStringValue] key[//webpackType/@etag] value[] defaultValue[support]
11/23 15:08:51.077 [http-nio-8080-exec-9/INFO][GeneratedMethodAccessor6.invoke:-1] [WebSquareConfig.getStringValue] key[//date/encoding/@value] value[] defaultValue[UTF-8]
11/23 15:15:11.899 [http-nio-8080-exec-2/INFO][NativeMethodAccessorImpl.invoke0:-2] [WebSquareConfig.getStringValue] key[//wqDefiner/@value] value[] defaultValue[]
11/23 15:15:11.903 [http-nio-8080-exec-2/INFO][NativeMethodAccessorImpl.invoke0:-2] [WebSquareConfig.getStringValue] key[//upload/@support] value[] defaultValue[true]
11/23 15:15:11.907 [http-nio-8080-exec-2/INFO][NativeMethodAccessorImpl.invoke0:-2] [WebSquareConfig.getStringValue] key[/websquare/upload/maxUploadSize/@value] value[536870912] defaultValue[1048576]
11/23 15:15:11.913 [http-nio-8080-exec-2/INFO][NativeMethodAccessorImpl.invoke0:-2] [WebSquareConfig.getStringValue] key[//upload/encoding/@value] value[UTF-8] defaultValue[KSC5601]
11/23 15:15:11.916 [http-nio-8080-exec-2/INFO][NativeMethodAccessorImpl.invoke0:-2] [WebSquareConfig.getStringValue] key[//upload/baseDir/@value] value[C:\A_teammoca_repository\eclipse_20231025\mocaerp2024\WebContent\fileUpload] defaultValue[null]
11/23 15:15:11.918 [http-nio-8080-exec-2/INFO][NativeMethodAccessorImpl.invoke0:-2] [WebSquareConfig.getStringValue] key[//upload/folderName/@value] value[up] defaultValue[]
11/23 15:15:11.960 [http-nio-8080-exec-2/INFO][NativeMethodAccessorImpl.invoke0:-2] [WebSquareConfig.getStringValue] key[//webpackType/@value] value[] defaultValue[default]
11/23 15:15:12.166 [http-nio-8080-exec-2/INFO][GeneratedMethodAccessor6.invoke:-1] [WebSquareConfig.getStringValue] key[//engineType/@baseFolder] value[] defaultValue[]
11/23 15:15:12.483 [http-nio-8080-exec-2/INFO][GeneratedMethodAccessor6.invoke:-1] [WebSquareConfig.getStringValue] key[//engineType/@coverage] value[notsupport] defaultValue[notsupport]
11/23 15:15:12.483 [http-nio-8080-exec-2/SEVERE][GeneratedMethodAccessor6.invoke:-1] LoadingModule [websquare.WebSquareEngine][3763500][1]
11/23 15:15:12.710 [http-nio-8080-exec-2/INFO][GeneratedMethodAccessor6.invoke:-1] [WebSquareConfig.getStringValue] key[//webpackType/@etag] value[] defaultValue[support]
11/23 15:15:13.071 [http-nio-8080-exec-7/INFO][GeneratedMethodAccessor6.invoke:-1] [WebSquareConfig.getStringValue] key[//date/encoding/@value] value[] defaultValue[UTF-8]
11/23 15:16:54.980 [http-nio-8080-exec-4/INFO][NativeMethodAccessorImpl.invoke0:-2] [WebSquareConfig.getStringValue] key[//wqDefiner/@value] value[] defaultValue[]
11/23 15:16:54.985 [http-nio-8080-exec-4/INFO][NativeMethodAccessorImpl.invoke0:-2] [WebSquareConfig.getStringValue] key[//upload/@support] value[] defaultValue[true]
11/23 15:16:54.985 [http-nio-8080-exec-4/INFO][NativeMethodAccessorImpl.invoke0:-2] [WebSquareConfig.getStringValue] key[/websquare/upload/maxUploadSize/@value] value[536870912] defaultValue[1048576]
11/23 15:16:54.985 [http-nio-8080-exec-4/INFO][NativeMethodAccessorImpl.invoke0:-2] [WebSquareConfig.getStringValue] key[//upload/encoding/@value] value[UTF-8] defaultValue[KSC5601]
11/23 15:16:55.003 [http-nio-8080-exec-4/INFO][NativeMethodAccessorImpl.invoke0:-2] [WebSquareConfig.getStringValue] key[//upload/baseDir/@value] value[C:\A_teammoca_repository\eclipse_20231025\mocaerp2024\WebContent\fileUpload] defaultValue[null]
11/23 15:16:55.004 [http-nio-8080-exec-4/INFO][NativeMethodAccessorImpl.invoke0:-2] [WebSquareConfig.getStringValue] key[//upload/folderName/@value] value[up] defaultValue[]
11/23 15:16:55.050 [http-nio-8080-exec-4/INFO][NativeMethodAccessorImpl.invoke0:-2] [WebSquareConfig.getStringValue] key[//webpackType/@value] value[] defaultValue[default]
11/23 15:16:55.240 [http-nio-8080-exec-4/INFO][GeneratedMethodAccessor6.invoke:-1] [WebSquareConfig.getStringValue] key[//engineType/@baseFolder] value[] defaultValue[]
11/23 15:16:55.498 [http-nio-8080-exec-4/INFO][GeneratedMethodAccessor6.invoke:-1] [WebSquareConfig.getStringValue] key[//engineType/@coverage] value[notsupport] defaultValue[notsupport]
11/23 15:16:55.498 [http-nio-8080-exec-4/SEVERE][GeneratedMethodAccessor6.invoke:-1] LoadingModule [websquare.WebSquareEngine][3763500][1]
11/23 15:16:55.713 [http-nio-8080-exec-4/INFO][GeneratedMethodAccessor6.invoke:-1] [WebSquareConfig.getStringValue] key[//webpackType/@etag] value[] defaultValue[support]
11/23 15:16:55.961 [http-nio-8080-exec-10/INFO][GeneratedMethodAccessor6.invoke:-1] [WebSquareConfig.getStringValue] key[//date/encoding/@value] value[] defaultValue[UTF-8]
11/23 15:21:30.702 [http-nio-8080-exec-2/INFO][NativeMethodAccessorImpl.invoke0:-2] [WebSquareConfig.getStringValue] key[//wqDefiner/@value] value[] defaultValue[]
11/23 15:21:30.715 [http-nio-8080-exec-2/INFO][NativeMethodAccessorImpl.invoke0:-2] [WebSquareConfig.getStringValue] key[//upload/@support] value[] defaultValue[true]
11/23 15:21:30.715 [http-nio-8080-exec-2/INFO][NativeMethodAccessorImpl.invoke0:-2] [WebSquareConfig.getStringValue] key[/websquare/upload/maxUploadSize/@value] value[536870912] defaultValue[1048576]
11/23 15:21:30.731 [http-nio-8080-exec-2/INFO][NativeMethodAccessorImpl.invoke0:-2] [WebSquareConfig.getStringValue] key[//upload/encoding/@value] value[UTF-8] defaultValue[KSC5601]
11/23 15:21:30.731 [http-nio-8080-exec-2/INFO][NativeMethodAccessorImpl.invoke0:-2] [WebSquareConfig.getStringValue] key[//upload/baseDir/@value] value[C:\A_teammoca_repository\eclipse_20231025\mocaerp2024\WebContent\fileUpload] defaultValue[null]
11/23 15:21:30.731 [http-nio-8080-exec-2/INFO][NativeMethodAccessorImpl.invoke0:-2] [WebSquareConfig.getStringValue] key[//upload/folderName/@value] value[up] defaultValue[]
11/23 15:21:30.784 [http-nio-8080-exec-2/INFO][NativeMethodAccessorImpl.invoke0:-2] [WebSquareConfig.getStringValue] key[//webpackType/@value] value[] defaultValue[default]
11/23 15:21:31.055 [http-nio-8080-exec-2/INFO][GeneratedMethodAccessor6.invoke:-1] [WebSquareConfig.getStringValue] key[//engineType/@baseFolder] value[] defaultValue[]
11/23 15:21:31.450 [http-nio-8080-exec-2/INFO][GeneratedMethodAccessor6.invoke:-1] [WebSquareConfig.getStringValue] key[//engineType/@coverage] value[notsupport] defaultValue[notsupport]
11/23 15:21:31.450 [http-nio-8080-exec-2/SEVERE][GeneratedMethodAccessor6.invoke:-1] LoadingModule [websquare.WebSquareEngine][3763500][1]
11/23 15:21:31.781 [http-nio-8080-exec-2/INFO][GeneratedMethodAccessor6.invoke:-1] [WebSquareConfig.getStringValue] key[//webpackType/@etag] value[] defaultValue[support]
11/23 15:21:32.023 [http-nio-8080-exec-10/INFO][GeneratedMethodAccessor6.invoke:-1] [WebSquareConfig.getStringValue] key[//date/encoding/@value] value[] defaultValue[UTF-8]
11/23 15:23:59.775 [http-nio-8080-exec-2/INFO][NativeMethodAccessorImpl.invoke0:-2] [WebSquareConfig.getStringValue] key[//wqDefiner/@value] value[] defaultValue[]
11/23 15:23:59.782 [http-nio-8080-exec-2/INFO][NativeMethodAccessorImpl.invoke0:-2] [WebSquareConfig.getStringValue] key[//upload/@support] value[] defaultValue[true]
11/23 15:23:59.785 [http-nio-8080-exec-2/INFO][NativeMethodAccessorImpl.invoke0:-2] [WebSquareConfig.getStringValue] key[/websquare/upload/maxUploadSize/@value] value[536870912] defaultValue[1048576]
11/23 15:23:59.791 [http-nio-8080-exec-2/INFO][NativeMethodAccessorImpl.invoke0:-2] [WebSquareConfig.getStringValue] key[//upload/encoding/@value] value[UTF-8] defaultValue[KSC5601]
11/23 15:23:59.793 [http-nio-8080-exec-2/INFO][NativeMethodAccessorImpl.invoke0:-2] [WebSquareConfig.getStringValue] key[//upload/baseDir/@value] value[C:\A_teammoca_repository\eclipse_20231025\mocaerp2024\WebContent\fileUpload] defaultValue[null]
11/23 15:23:59.795 [http-nio-8080-exec-2/INFO][NativeMethodAccessorImpl.invoke0:-2] [WebSquareConfig.getStringValue] key[//upload/folderName/@value] value[up] defaultValue[]
11/23 15:23:59.831 [http-nio-8080-exec-2/INFO][NativeMethodAccessorImpl.invoke0:-2] [WebSquareConfig.getStringValue] key[//webpackType/@value] value[] defaultValue[default]
11/23 15:24:00.024 [http-nio-8080-exec-2/INFO][GeneratedMethodAccessor6.invoke:-1] [WebSquareConfig.getStringValue] key[//engineType/@baseFolder] value[] defaultValue[]
11/23 15:24:00.269 [http-nio-8080-exec-2/INFO][GeneratedMethodAccessor6.invoke:-1] [WebSquareConfig.getStringValue] key[//engineType/@coverage] value[notsupport] defaultValue[notsupport]
11/23 15:24:00.270 [http-nio-8080-exec-2/SEVERE][GeneratedMethodAccessor6.invoke:-1] LoadingModule [websquare.WebSquareEngine][3763500][1]
11/23 15:24:00.476 [http-nio-8080-exec-2/INFO][GeneratedMethodAccessor6.invoke:-1] [WebSquareConfig.getStringValue] key[//webpackType/@etag] value[] defaultValue[support]
11/23 15:24:00.665 [http-nio-8080-exec-10/INFO][GeneratedMethodAccessor6.invoke:-1] [WebSquareConfig.getStringValue] key[//date/encoding/@value] value[] defaultValue[UTF-8]
11/23 15:26:40.449 [http-nio-8080-exec-2/INFO][NativeMethodAccessorImpl.invoke0:-2] [WebSquareConfig.getStringValue] key[//wqDefiner/@value] value[] defaultValue[]
11/23 15:26:40.452 [http-nio-8080-exec-2/INFO][NativeMethodAccessorImpl.invoke0:-2] [WebSquareConfig.getStringValue] key[//upload/@support] value[] defaultValue[true]
11/23 15:26:40.456 [http-nio-8080-exec-2/INFO][NativeMethodAccessorImpl.invoke0:-2] [WebSquareConfig.getStringValue] key[/websquare/upload/maxUploadSize/@value] value[536870912] defaultValue[1048576]
11/23 15:26:40.465 [http-nio-8080-exec-2/INFO][NativeMethodAccessorImpl.invoke0:-2] [WebSquareConfig.getStringValue] key[//upload/encoding/@value] value[UTF-8] defaultValue[KSC5601]
11/23 15:26:40.467 [http-nio-8080-exec-2/INFO][NativeMethodAccessorImpl.invoke0:-2] [WebSquareConfig.getStringValue] key[//upload/baseDir/@value] value[C:\A_teammoca_repository\eclipse_20231025\mocaerp2024\WebContent\fileUpload] defaultValue[null]
11/23 15:26:40.469 [http-nio-8080-exec-2/INFO][NativeMethodAccessorImpl.invoke0:-2] [WebSquareConfig.getStringValue] key[//upload/folderName/@value] value[up] defaultValue[]
11/23 15:26:40.507 [http-nio-8080-exec-2/INFO][NativeMethodAccessorImpl.invoke0:-2] [WebSquareConfig.getStringValue] key[//webpackType/@value] value[] defaultValue[default]
11/23 15:26:40.709 [http-nio-8080-exec-2/INFO][GeneratedMethodAccessor6.invoke:-1] [WebSquareConfig.getStringValue] key[//engineType/@baseFolder] value[] defaultValue[]
11/23 15:26:40.972 [http-nio-8080-exec-2/INFO][GeneratedMethodAccessor6.invoke:-1] [WebSquareConfig.getStringValue] key[//engineType/@coverage] value[notsupport] defaultValue[notsupport]
11/23 15:26:40.972 [http-nio-8080-exec-2/SEVERE][GeneratedMethodAccessor6.invoke:-1] LoadingModule [websquare.WebSquareEngine][3763500][1]
11/23 15:26:41.175 [http-nio-8080-exec-2/INFO][GeneratedMethodAccessor6.invoke:-1] [WebSquareConfig.getStringValue] key[//webpackType/@etag] value[] defaultValue[support]
11/23 15:26:41.686 [http-nio-8080-exec-3/INFO][GeneratedMethodAccessor6.invoke:-1] [WebSquareConfig.getStringValue] key[//date/encoding/@value] value[] defaultValue[UTF-8]
11/23 15:33:31.264 [http-nio-8080-exec-2/INFO][NativeMethodAccessorImpl.invoke0:-2] [WebSquareConfig.getStringValue] key[//wqDefiner/@value] value[] defaultValue[]
11/23 15:33:31.274 [http-nio-8080-exec-2/INFO][NativeMethodAccessorImpl.invoke0:-2] [WebSquareConfig.getStringValue] key[//upload/@support] value[] defaultValue[true]
11/23 15:33:31.276 [http-nio-8080-exec-2/INFO][NativeMethodAccessorImpl.invoke0:-2] [WebSquareConfig.getStringValue] key[/websquare/upload/maxUploadSize/@value] value[536870912] defaultValue[1048576]
11/23 15:33:31.288 [http-nio-8080-exec-2/INFO][NativeMethodAccessorImpl.invoke0:-2] [WebSquareConfig.getStringValue] key[//upload/encoding/@value] value[UTF-8] defaultValue[KSC5601]
11/23 15:33:31.291 [http-nio-8080-exec-2/INFO][NativeMethodAccessorImpl.invoke0:-2] [WebSquareConfig.getStringValue] key[//upload/baseDir/@value] value[C:\A_teammoca_repository\eclipse_20231025\mocaerp2024\WebContent\fileUpload] defaultValue[null]
11/23 15:33:31.294 [http-nio-8080-exec-2/INFO][NativeMethodAccessorImpl.invoke0:-2] [WebSquareConfig.getStringValue] key[//upload/folderName/@value] value[up] defaultValue[]
11/23 15:33:31.332 [http-nio-8080-exec-2/INFO][NativeMethodAccessorImpl.invoke0:-2] [WebSquareConfig.getStringValue] key[//webpackType/@value] value[] defaultValue[default]
11/23 15:33:31.517 [http-nio-8080-exec-2/INFO][GeneratedMethodAccessor6.invoke:-1] [WebSquareConfig.getStringValue] key[//engineType/@baseFolder] value[] defaultValue[]
11/23 15:33:31.772 [http-nio-8080-exec-2/INFO][GeneratedMethodAccessor6.invoke:-1] [WebSquareConfig.getStringValue] key[//engineType/@coverage] value[notsupport] defaultValue[notsupport]
11/23 15:33:31.776 [http-nio-8080-exec-2/SEVERE][GeneratedMethodAccessor6.invoke:-1] LoadingModule [websquare.WebSquareEngine][3763500][1]
11/23 15:33:31.981 [http-nio-8080-exec-2/INFO][GeneratedMethodAccessor6.invoke:-1] [WebSquareConfig.getStringValue] key[//webpackType/@etag] value[] defaultValue[support]
11/23 15:33:32.508 [http-nio-8080-exec-8/INFO][GeneratedMethodAccessor6.invoke:-1] [WebSquareConfig.getStringValue] key[//date/encoding/@value] value[] defaultValue[UTF-8]
11/23 15:41:44.302 [http-nio-8080-exec-2/INFO][NativeMethodAccessorImpl.invoke0:-2] [WebSquareConfig.getStringValue] key[//wqDefiner/@value] value[] defaultValue[]
11/23 15:41:44.308 [http-nio-8080-exec-2/INFO][NativeMethodAccessorImpl.invoke0:-2] [WebSquareConfig.getStringValue] key[//upload/@support] value[] defaultValue[true]
11/23 15:41:44.310 [http-nio-8080-exec-2/INFO][NativeMethodAccessorImpl.invoke0:-2] [WebSquareConfig.getStringValue] key[/websquare/upload/maxUploadSize/@value] value[536870912] defaultValue[1048576]
11/23 15:41:44.318 [http-nio-8080-exec-2/INFO][NativeMethodAccessorImpl.invoke0:-2] [WebSquareConfig.getStringValue] key[//upload/encoding/@value] value[UTF-8] defaultValue[KSC5601]
11/23 15:41:44.321 [http-nio-8080-exec-2/INFO][NativeMethodAccessorImpl.invoke0:-2] [WebSquareConfig.getStringValue] key[//upload/baseDir/@value] value[C:\A_teammoca_repository\eclipse_20231025\mocaerp2024\WebContent\fileUpload] defaultValue[null]
11/23 15:41:44.322 [http-nio-8080-exec-2/INFO][NativeMethodAccessorImpl.invoke0:-2] [WebSquareConfig.getStringValue] key[//upload/folderName/@value] value[up] defaultValue[]
11/23 15:41:44.358 [http-nio-8080-exec-2/INFO][NativeMethodAccessorImpl.invoke0:-2] [WebSquareConfig.getStringValue] key[//webpackType/@value] value[] defaultValue[default]
11/23 15:41:44.548 [http-nio-8080-exec-2/INFO][GeneratedMethodAccessor6.invoke:-1] [WebSquareConfig.getStringValue] key[//engineType/@baseFolder] value[] defaultValue[]
11/23 15:41:44.788 [http-nio-8080-exec-2/INFO][GeneratedMethodAccessor6.invoke:-1] [WebSquareConfig.getStringValue] key[//engineType/@coverage] value[notsupport] defaultValue[notsupport]
11/23 15:41:44.788 [http-nio-8080-exec-2/SEVERE][GeneratedMethodAccessor6.invoke:-1] LoadingModule [websquare.WebSquareEngine][3763500][1]
11/23 15:41:44.985 [http-nio-8080-exec-2/INFO][GeneratedMethodAccessor6.invoke:-1] [WebSquareConfig.getStringValue] key[//webpackType/@etag] value[] defaultValue[support]
11/23 15:41:45.467 [http-nio-8080-exec-4/INFO][GeneratedMethodAccessor6.invoke:-1] [WebSquareConfig.getStringValue] key[//date/encoding/@value] value[] defaultValue[UTF-8]
11/23 15:43:11.320 [http-nio-8080-exec-3/INFO][NativeMethodAccessorImpl.invoke0:-2] [WebSquareConfig.getStringValue] key[//wqDefiner/@value] value[] defaultValue[]
11/23 15:43:11.324 [http-nio-8080-exec-3/INFO][NativeMethodAccessorImpl.invoke0:-2] [WebSquareConfig.getStringValue] key[//upload/@support] value[] defaultValue[true]
11/23 15:43:11.327 [http-nio-8080-exec-3/INFO][NativeMethodAccessorImpl.invoke0:-2] [WebSquareConfig.getStringValue] key[/websquare/upload/maxUploadSize/@value] value[536870912] defaultValue[1048576]
11/23 15:43:11.335 [http-nio-8080-exec-3/INFO][NativeMethodAccessorImpl.invoke0:-2] [WebSquareConfig.getStringValue] key[//upload/encoding/@value] value[UTF-8] defaultValue[KSC5601]
11/23 15:43:11.340 [http-nio-8080-exec-3/INFO][NativeMethodAccessorImpl.invoke0:-2] [WebSquareConfig.getStringValue] key[//upload/baseDir/@value] value[C:\A_teammoca_repository\eclipse_20231025\mocaerp2024\WebContent\fileUpload] defaultValue[null]
11/23 15:43:11.343 [http-nio-8080-exec-3/INFO][NativeMethodAccessorImpl.invoke0:-2] [WebSquareConfig.getStringValue] key[//upload/folderName/@value] value[up] defaultValue[]
11/23 15:43:11.389 [http-nio-8080-exec-3/INFO][NativeMethodAccessorImpl.invoke0:-2] [WebSquareConfig.getStringValue] key[//webpackType/@value] value[] defaultValue[default]
11/23 15:43:11.577 [http-nio-8080-exec-3/INFO][GeneratedMethodAccessor6.invoke:-1] [WebSquareConfig.getStringValue] key[//engineType/@baseFolder] value[] defaultValue[]
11/23 15:43:11.849 [http-nio-8080-exec-3/INFO][GeneratedMethodAccessor6.invoke:-1] [WebSquareConfig.getStringValue] key[//engineType/@coverage] value[notsupport] defaultValue[notsupport]
11/23 15:43:11.849 [http-nio-8080-exec-3/SEVERE][GeneratedMethodAccessor6.invoke:-1] LoadingModule [websquare.WebSquareEngine][3763500][1]
11/23 15:43:12.050 [http-nio-8080-exec-3/INFO][GeneratedMethodAccessor6.invoke:-1] [WebSquareConfig.getStringValue] key[//webpackType/@etag] value[] defaultValue[support]
11/23 15:43:12.709 [http-nio-8080-exec-2/INFO][GeneratedMethodAccessor6.invoke:-1] [WebSquareConfig.getStringValue] key[//date/encoding/@value] value[] defaultValue[UTF-8]
11/23 15:56:08.263 [http-nio-8080-exec-2/INFO][NativeMethodAccessorImpl.invoke0:-2] [WebSquareConfig.getStringValue] key[//wqDefiner/@value] value[] defaultValue[]
11/23 15:56:08.269 [http-nio-8080-exec-2/INFO][NativeMethodAccessorImpl.invoke0:-2] [WebSquareConfig.getStringValue] key[//upload/@support] value[] defaultValue[true]
11/23 15:56:08.276 [http-nio-8080-exec-2/INFO][NativeMethodAccessorImpl.invoke0:-2] [WebSquareConfig.getStringValue] key[/websquare/upload/maxUploadSize/@value] value[536870912] defaultValue[1048576]
11/23 15:56:08.284 [http-nio-8080-exec-2/INFO][NativeMethodAccessorImpl.invoke0:-2] [WebSquareConfig.getStringValue] key[//upload/encoding/@value] value[UTF-8] defaultValue[KSC5601]
11/23 15:56:08.287 [http-nio-8080-exec-2/INFO][NativeMethodAccessorImpl.invoke0:-2] [WebSquareConfig.getStringValue] key[//upload/baseDir/@value] value[C:\A_teammoca_repository\eclipse_20231025\mocaerp2024\WebContent\fileUpload] defaultValue[null]
11/23 15:56:08.289 [http-nio-8080-exec-2/INFO][NativeMethodAccessorImpl.invoke0:-2] [WebSquareConfig.getStringValue] key[//upload/folderName/@value] value[up] defaultValue[]
11/23 15:56:08.332 [http-nio-8080-exec-2/INFO][NativeMethodAccessorImpl.invoke0:-2] [WebSquareConfig.getStringValue] key[//webpackType/@value] value[] defaultValue[default]
11/23 15:56:08.515 [http-nio-8080-exec-2/INFO][GeneratedMethodAccessor6.invoke:-1] [WebSquareConfig.getStringValue] key[//engineType/@baseFolder] value[] defaultValue[]
11/23 15:56:08.784 [http-nio-8080-exec-2/INFO][GeneratedMethodAccessor6.invoke:-1] [WebSquareConfig.getStringValue] key[//engineType/@coverage] value[notsupport] defaultValue[notsupport]
11/23 15:56:08.785 [http-nio-8080-exec-2/SEVERE][GeneratedMethodAccessor6.invoke:-1] LoadingModule [websquare.WebSquareEngine][3763500][1]
11/23 15:56:08.993 [http-nio-8080-exec-2/INFO][GeneratedMethodAccessor6.invoke:-1] [WebSquareConfig.getStringValue] key[//webpackType/@etag] value[] defaultValue[support]
11/23 15:56:09.469 [http-nio-8080-exec-10/INFO][GeneratedMethodAccessor6.invoke:-1] [WebSquareConfig.getStringValue] key[//date/encoding/@value] value[] defaultValue[UTF-8]
11/23 15:58:29.254 [http-nio-8080-exec-2/INFO][NativeMethodAccessorImpl.invoke0:-2] [WebSquareConfig.getStringValue] key[//wqDefiner/@value] value[] defaultValue[]
11/23 15:58:29.265 [http-nio-8080-exec-2/INFO][NativeMethodAccessorImpl.invoke0:-2] [WebSquareConfig.getStringValue] key[//upload/@support] value[] defaultValue[true]
11/23 15:58:29.269 [http-nio-8080-exec-2/INFO][NativeMethodAccessorImpl.invoke0:-2] [WebSquareConfig.getStringValue] key[/websquare/upload/maxUploadSize/@value] value[536870912] defaultValue[1048576]
11/23 15:58:29.276 [http-nio-8080-exec-2/INFO][NativeMethodAccessorImpl.invoke0:-2] [WebSquareConfig.getStringValue] key[//upload/encoding/@value] value[UTF-8] defaultValue[KSC5601]
11/23 15:58:29.284 [http-nio-8080-exec-2/INFO][NativeMethodAccessorImpl.invoke0:-2] [WebSquareConfig.getStringValue] key[//upload/baseDir/@value] value[C:\A_teammoca_repository\eclipse_20231025\mocaerp2024\WebContent\fileUpload] defaultValue[null]
11/23 15:58:29.288 [http-nio-8080-exec-2/INFO][NativeMethodAccessorImpl.invoke0:-2] [WebSquareConfig.getStringValue] key[//upload/folderName/@value] value[up] defaultValue[]
11/23 15:58:29.326 [http-nio-8080-exec-2/INFO][NativeMethodAccessorImpl.invoke0:-2] [WebSquareConfig.getStringValue] key[//webpackType/@value] value[] defaultValue[default]
11/23 15:58:29.517 [http-nio-8080-exec-2/INFO][GeneratedMethodAccessor6.invoke:-1] [WebSquareConfig.getStringValue] key[//engineType/@baseFolder] value[] defaultValue[]
11/23 15:58:29.783 [http-nio-8080-exec-2/INFO][GeneratedMethodAccessor6.invoke:-1] [WebSquareConfig.getStringValue] key[//engineType/@coverage] value[notsupport] defaultValue[notsupport]
11/23 15:58:29.783 [http-nio-8080-exec-2/SEVERE][GeneratedMethodAccessor6.invoke:-1] LoadingModule [websquare.WebSquareEngine][3763500][1]
11/23 15:58:29.993 [http-nio-8080-exec-2/INFO][GeneratedMethodAccessor6.invoke:-1] [WebSquareConfig.getStringValue] key[//webpackType/@etag] value[] defaultValue[support]
11/23 15:58:30.541 [http-nio-8080-exec-10/INFO][GeneratedMethodAccessor6.invoke:-1] [WebSquareConfig.getStringValue] key[//date/encoding/@value] value[] defaultValue[UTF-8]
11/23 16:01:37.909 [http-nio-8080-exec-2/INFO][NativeMethodAccessorImpl.invoke0:-2] [WebSquareConfig.getStringValue] key[//wqDefiner/@value] value[] defaultValue[]
11/23 16:01:37.909 [http-nio-8080-exec-2/INFO][NativeMethodAccessorImpl.invoke0:-2] [WebSquareConfig.getStringValue] key[//upload/@support] value[] defaultValue[true]
11/23 16:01:37.917 [http-nio-8080-exec-2/INFO][NativeMethodAccessorImpl.invoke0:-2] [WebSquareConfig.getStringValue] key[/websquare/upload/maxUploadSize/@value] value[536870912] defaultValue[1048576]
11/23 16:01:37.926 [http-nio-8080-exec-2/INFO][NativeMethodAccessorImpl.invoke0:-2] [WebSquareConfig.getStringValue] key[//upload/encoding/@value] value[UTF-8] defaultValue[KSC5601]
11/23 16:01:37.933 [http-nio-8080-exec-2/INFO][NativeMethodAccessorImpl.invoke0:-2] [WebSquareConfig.getStringValue] key[//upload/baseDir/@value] value[C:\A_teammoca_repository\eclipse_20231025\mocaerp2024\WebContent\fileUpload] defaultValue[null]
11/23 16:01:37.933 [http-nio-8080-exec-2/INFO][NativeMethodAccessorImpl.invoke0:-2] [WebSquareConfig.getStringValue] key[//upload/folderName/@value] value[up] defaultValue[]
11/23 16:01:37.989 [http-nio-8080-exec-2/INFO][NativeMethodAccessorImpl.invoke0:-2] [WebSquareConfig.getStringValue] key[//webpackType/@value] value[] defaultValue[default]
11/23 16:01:38.231 [http-nio-8080-exec-2/INFO][GeneratedMethodAccessor6.invoke:-1] [WebSquareConfig.getStringValue] key[//engineType/@baseFolder] value[] defaultValue[]
11/23 16:01:38.639 [http-nio-8080-exec-2/INFO][GeneratedMethodAccessor6.invoke:-1] [WebSquareConfig.getStringValue] key[//engineType/@coverage] value[notsupport] defaultValue[notsupport]
11/23 16:01:38.649 [http-nio-8080-exec-2/SEVERE][GeneratedMethodAccessor6.invoke:-1] LoadingModule [websquare.WebSquareEngine][3763500][1]
11/23 16:01:38.941 [http-nio-8080-exec-2/INFO][GeneratedMethodAccessor6.invoke:-1] [WebSquareConfig.getStringValue] key[//webpackType/@etag] value[] defaultValue[support]
11/23 16:01:39.548 [http-nio-8080-exec-8/INFO][GeneratedMethodAccessor6.invoke:-1] [WebSquareConfig.getStringValue] key[//date/encoding/@value] value[] defaultValue[UTF-8]
11/23 16:03:27.948 [http-nio-8080-exec-2/INFO][NativeMethodAccessorImpl.invoke0:-2] [WebSquareConfig.getStringValue] key[//wqDefiner/@value] value[] defaultValue[]
11/23 16:03:27.956 [http-nio-8080-exec-2/INFO][NativeMethodAccessorImpl.invoke0:-2] [WebSquareConfig.getStringValue] key[//upload/@support] value[] defaultValue[true]
11/23 16:03:27.965 [http-nio-8080-exec-2/INFO][NativeMethodAccessorImpl.invoke0:-2] [WebSquareConfig.getStringValue] key[/websquare/upload/maxUploadSize/@value] value[536870912] defaultValue[1048576]
11/23 16:03:27.972 [http-nio-8080-exec-2/INFO][NativeMethodAccessorImpl.invoke0:-2] [WebSquareConfig.getStringValue] key[//upload/encoding/@value] value[UTF-8] defaultValue[KSC5601]
11/23 16:03:27.981 [http-nio-8080-exec-2/INFO][NativeMethodAccessorImpl.invoke0:-2] [WebSquareConfig.getStringValue] key[//upload/baseDir/@value] value[C:\A_teammoca_repository\eclipse_20231025\mocaerp2024\WebContent\fileUpload] defaultValue[null]
11/23 16:03:27.981 [http-nio-8080-exec-2/INFO][NativeMethodAccessorImpl.invoke0:-2] [WebSquareConfig.getStringValue] key[//upload/folderName/@value] value[up] defaultValue[]
11/23 16:03:28.022 [http-nio-8080-exec-2/INFO][NativeMethodAccessorImpl.invoke0:-2] [WebSquareConfig.getStringValue] key[//webpackType/@value] value[] defaultValue[default]
11/23 16:03:28.202 [http-nio-8080-exec-2/INFO][GeneratedMethodAccessor6.invoke:-1] [WebSquareConfig.getStringValue] key[//engineType/@baseFolder] value[] defaultValue[]
11/23 16:03:28.456 [http-nio-8080-exec-2/INFO][GeneratedMethodAccessor6.invoke:-1] [WebSquareConfig.getStringValue] key[//engineType/@coverage] value[notsupport] defaultValue[notsupport]
11/23 16:03:28.457 [http-nio-8080-exec-2/SEVERE][GeneratedMethodAccessor6.invoke:-1] LoadingModule [websquare.WebSquareEngine][3763500][1]
11/23 16:03:28.659 [http-nio-8080-exec-2/INFO][GeneratedMethodAccessor6.invoke:-1] [WebSquareConfig.getStringValue] key[//webpackType/@etag] value[] defaultValue[support]
11/23 16:03:29.165 [http-nio-8080-exec-4/INFO][GeneratedMethodAccessor6.invoke:-1] [WebSquareConfig.getStringValue] key[//date/encoding/@value] value[] defaultValue[UTF-8]
11/23 16:05:33.859 [http-nio-8080-exec-1/INFO][NativeMethodAccessorImpl.invoke0:-2] [WebSquareConfig.getStringValue] key[//wqDefiner/@value] value[] defaultValue[]
11/23 16:05:33.872 [http-nio-8080-exec-1/INFO][NativeMethodAccessorImpl.invoke0:-2] [WebSquareConfig.getStringValue] key[//upload/@support] value[] defaultValue[true]
11/23 16:05:33.878 [http-nio-8080-exec-1/INFO][NativeMethodAccessorImpl.invoke0:-2] [WebSquareConfig.getStringValue] key[/websquare/upload/maxUploadSize/@value] value[536870912] defaultValue[1048576]
11/23 16:05:33.886 [http-nio-8080-exec-1/INFO][NativeMethodAccessorImpl.invoke0:-2] [WebSquareConfig.getStringValue] key[//upload/encoding/@value] value[UTF-8] defaultValue[KSC5601]
11/23 16:05:33.891 [http-nio-8080-exec-1/INFO][NativeMethodAccessorImpl.invoke0:-2] [WebSquareConfig.getStringValue] key[//upload/baseDir/@value] value[C:\A_teammoca_repository\eclipse_20231025\mocaerp2024\WebContent\fileUpload] defaultValue[null]
11/23 16:05:33.893 [http-nio-8080-exec-1/INFO][NativeMethodAccessorImpl.invoke0:-2] [WebSquareConfig.getStringValue] key[//upload/folderName/@value] value[up] defaultValue[]
11/23 16:05:33.930 [http-nio-8080-exec-1/INFO][NativeMethodAccessorImpl.invoke0:-2] [WebSquareConfig.getStringValue] key[//webpackType/@value] value[] defaultValue[default]
11/23 16:05:34.122 [http-nio-8080-exec-1/INFO][GeneratedMethodAccessor6.invoke:-1] [WebSquareConfig.getStringValue] key[//engineType/@baseFolder] value[] defaultValue[]
11/23 16:05:34.373 [http-nio-8080-exec-1/INFO][GeneratedMethodAccessor6.invoke:-1] [WebSquareConfig.getStringValue] key[//engineType/@coverage] value[notsupport] defaultValue[notsupport]
11/23 16:05:34.373 [http-nio-8080-exec-1/SEVERE][GeneratedMethodAccessor6.invoke:-1] LoadingModule [websquare.WebSquareEngine][3763500][1]
11/23 16:05:34.573 [http-nio-8080-exec-1/INFO][GeneratedMethodAccessor6.invoke:-1] [WebSquareConfig.getStringValue] key[//webpackType/@etag] value[] defaultValue[support]
11/23 16:05:35.144 [http-nio-8080-exec-7/INFO][GeneratedMethodAccessor6.invoke:-1] [WebSquareConfig.getStringValue] key[//date/encoding/@value] value[] defaultValue[UTF-8]
11/23 16:06:42.830 [http-nio-8080-exec-2/INFO][NativeMethodAccessorImpl.invoke0:-2] [WebSquareConfig.getStringValue] key[//wqDefiner/@value] value[] defaultValue[]
11/23 16:06:42.838 [http-nio-8080-exec-2/INFO][NativeMethodAccessorImpl.invoke0:-2] [WebSquareConfig.getStringValue] key[//upload/@support] value[] defaultValue[true]
11/23 16:06:42.842 [http-nio-8080-exec-2/INFO][NativeMethodAccessorImpl.invoke0:-2] [WebSquareConfig.getStringValue] key[/websquare/upload/maxUploadSize/@value] value[536870912] defaultValue[1048576]
11/23 16:06:42.848 [http-nio-8080-exec-2/INFO][NativeMethodAccessorImpl.invoke0:-2] [WebSquareConfig.getStringValue] key[//upload/encoding/@value] value[UTF-8] defaultValue[KSC5601]
11/23 16:06:42.852 [http-nio-8080-exec-2/INFO][NativeMethodAccessorImpl.invoke0:-2] [WebSquareConfig.getStringValue] key[//upload/baseDir/@value] value[C:\A_teammoca_repository\eclipse_20231025\mocaerp2024\WebContent\fileUpload] defaultValue[null]
11/23 16:06:42.854 [http-nio-8080-exec-2/INFO][NativeMethodAccessorImpl.invoke0:-2] [WebSquareConfig.getStringValue] key[//upload/folderName/@value] value[up] defaultValue[]
11/23 16:06:42.895 [http-nio-8080-exec-2/INFO][NativeMethodAccessorImpl.invoke0:-2] [WebSquareConfig.getStringValue] key[//webpackType/@value] value[] defaultValue[default]
11/23 16:06:43.082 [http-nio-8080-exec-2/INFO][GeneratedMethodAccessor6.invoke:-1] [WebSquareConfig.getStringValue] key[//engineType/@baseFolder] value[] defaultValue[]
11/23 16:06:43.343 [http-nio-8080-exec-2/INFO][GeneratedMethodAccessor6.invoke:-1] [WebSquareConfig.getStringValue] key[//engineType/@coverage] value[notsupport] defaultValue[notsupport]
11/23 16:06:43.344 [http-nio-8080-exec-2/SEVERE][GeneratedMethodAccessor6.invoke:-1] LoadingModule [websquare.WebSquareEngine][3763500][1]
11/23 16:06:43.553 [http-nio-8080-exec-2/INFO][GeneratedMethodAccessor6.invoke:-1] [WebSquareConfig.getStringValue] key[//webpackType/@etag] value[] defaultValue[support]
11/23 16:06:44.068 [http-nio-8080-exec-3/INFO][GeneratedMethodAccessor6.invoke:-1] [WebSquareConfig.getStringValue] key[//date/encoding/@value] value[] defaultValue[UTF-8]
11/23 16:52:39.912 [http-nio-8080-exec-2/INFO][NativeMethodAccessorImpl.invoke0:-2] [WebSquareConfig.getStringValue] key[//wqDefiner/@value] value[] defaultValue[]
11/23 16:52:39.918 [http-nio-8080-exec-2/INFO][NativeMethodAccessorImpl.invoke0:-2] [WebSquareConfig.getStringValue] key[//upload/@support] value[] defaultValue[true]
11/23 16:52:39.921 [http-nio-8080-exec-2/INFO][NativeMethodAccessorImpl.invoke0:-2] [WebSquareConfig.getStringValue] key[/websquare/upload/maxUploadSize/@value] value[536870912] defaultValue[1048576]
11/23 16:52:39.929 [http-nio-8080-exec-2/INFO][NativeMethodAccessorImpl.invoke0:-2] [WebSquareConfig.getStringValue] key[//upload/encoding/@value] value[UTF-8] defaultValue[KSC5601]
11/23 16:52:39.932 [http-nio-8080-exec-2/INFO][NativeMethodAccessorImpl.invoke0:-2] [WebSquareConfig.getStringValue] key[//upload/baseDir/@value] value[C:\A_teammoca_repository\eclipse_20231025\mocaerp2024\WebContent\fileUpload] defaultValue[null]
11/23 16:52:39.934 [http-nio-8080-exec-2/INFO][NativeMethodAccessorImpl.invoke0:-2] [WebSquareConfig.getStringValue] key[//upload/folderName/@value] value[up] defaultValue[]
11/23 16:52:39.969 [http-nio-8080-exec-2/INFO][NativeMethodAccessorImpl.invoke0:-2] [WebSquareConfig.getStringValue] key[//webpackType/@value] value[] defaultValue[default]
11/23 16:52:40.199 [http-nio-8080-exec-2/INFO][GeneratedMethodAccessor6.invoke:-1] [WebSquareConfig.getStringValue] key[//engineType/@baseFolder] value[] defaultValue[]
11/23 16:52:40.442 [http-nio-8080-exec-2/INFO][GeneratedMethodAccessor6.invoke:-1] [WebSquareConfig.getStringValue] key[//engineType/@coverage] value[notsupport] defaultValue[notsupport]
11/23 16:52:40.442 [http-nio-8080-exec-2/SEVERE][GeneratedMethodAccessor6.invoke:-1] LoadingModule [websquare.WebSquareEngine][3763500][1]
11/23 16:52:40.651 [http-nio-8080-exec-2/INFO][GeneratedMethodAccessor6.invoke:-1] [WebSquareConfig.getStringValue] key[//webpackType/@etag] value[] defaultValue[support]
11/23 16:52:40.811 [http-nio-8080-exec-10/INFO][GeneratedMethodAccessor6.invoke:-1] [WebSquareConfig.getStringValue] key[//date/encoding/@value] value[] defaultValue[UTF-8]
11/23 16:59:12.701 [http-nio-8080-exec-1/INFO][NativeMethodAccessorImpl.invoke0:-2] [WebSquareConfig.getStringValue] key[//wqDefiner/@value] value[] defaultValue[]
11/23 16:59:12.708 [http-nio-8080-exec-1/INFO][NativeMethodAccessorImpl.invoke0:-2] [WebSquareConfig.getStringValue] key[//upload/@support] value[] defaultValue[true]
11/23 16:59:12.717 [http-nio-8080-exec-1/INFO][NativeMethodAccessorImpl.invoke0:-2] [WebSquareConfig.getStringValue] key[/websquare/upload/maxUploadSize/@value] value[536870912] defaultValue[1048576]
11/23 16:59:12.724 [http-nio-8080-exec-1/INFO][NativeMethodAccessorImpl.invoke0:-2] [WebSquareConfig.getStringValue] key[//upload/encoding/@value] value[UTF-8] defaultValue[KSC5601]
11/23 16:59:12.724 [http-nio-8080-exec-1/INFO][NativeMethodAccessorImpl.invoke0:-2] [WebSquareConfig.getStringValue] key[//upload/baseDir/@value] value[C:\A_teammoca_repository\eclipse_20231025\mocaerp2024\WebContent\fileUpload] defaultValue[null]
11/23 16:59:12.729 [http-nio-8080-exec-1/INFO][NativeMethodAccessorImpl.invoke0:-2] [WebSquareConfig.getStringValue] key[//upload/folderName/@value] value[up] defaultValue[]
11/23 16:59:12.757 [http-nio-8080-exec-1/INFO][NativeMethodAccessorImpl.invoke0:-2] [WebSquareConfig.getStringValue] key[//webpackType/@value] value[] defaultValue[default]
11/23 16:59:13.097 [http-nio-8080-exec-1/INFO][GeneratedMethodAccessor6.invoke:-1] [WebSquareConfig.getStringValue] key[//engineType/@baseFolder] value[] defaultValue[]
11/23 16:59:13.355 [http-nio-8080-exec-1/INFO][GeneratedMethodAccessor6.invoke:-1] [WebSquareConfig.getStringValue] key[//engineType/@coverage] value[notsupport] defaultValue[notsupport]
11/23 16:59:13.355 [http-nio-8080-exec-1/SEVERE][GeneratedMethodAccessor6.invoke:-1] LoadingModule [websquare.WebSquareEngine][3763500][1]
11/23 16:59:13.557 [http-nio-8080-exec-1/INFO][GeneratedMethodAccessor6.invoke:-1] [WebSquareConfig.getStringValue] key[//webpackType/@etag] value[] defaultValue[support]
11/23 16:59:15.021 [http-nio-8080-exec-10/INFO][GeneratedMethodAccessor6.invoke:-1] [WebSquareConfig.getStringValue] key[//date/encoding/@value] value[] defaultValue[UTF-8]
11/23 17:12:24.344 [http-nio-8080-exec-2/INFO][NativeMethodAccessorImpl.invoke0:-2] [WebSquareConfig.getStringValue] key[//wqDefiner/@value] value[] defaultValue[]
11/23 17:12:24.360 [http-nio-8080-exec-2/INFO][NativeMethodAccessorImpl.invoke0:-2] [WebSquareConfig.getStringValue] key[//upload/@support] value[] defaultValue[true]
11/23 17:12:24.360 [http-nio-8080-exec-2/INFO][NativeMethodAccessorImpl.invoke0:-2] [WebSquareConfig.getStringValue] key[/websquare/upload/maxUploadSize/@value] value[536870912] defaultValue[1048576]
11/23 17:12:24.375 [http-nio-8080-exec-2/INFO][NativeMethodAccessorImpl.invoke0:-2] [WebSquareConfig.getStringValue] key[//upload/encoding/@value] value[UTF-8] defaultValue[KSC5601]
11/23 17:12:24.380 [http-nio-8080-exec-2/INFO][NativeMethodAccessorImpl.invoke0:-2] [WebSquareConfig.getStringValue] key[//upload/baseDir/@value] value[C:\A_teammoca_repository\eclipse_20231025\mocaerp2024\WebContent\fileUpload] defaultValue[null]
11/23 17:12:24.391 [http-nio-8080-exec-2/INFO][NativeMethodAccessorImpl.invoke0:-2] [WebSquareConfig.getStringValue] key[//upload/folderName/@value] value[up] defaultValue[]
11/23 17:12:24.470 [http-nio-8080-exec-2/INFO][NativeMethodAccessorImpl.invoke0:-2] [WebSquareConfig.getStringValue] key[//webpackType/@value] value[] defaultValue[default]
11/23 17:12:24.738 [http-nio-8080-exec-2/INFO][GeneratedMethodAccessor6.invoke:-1] [WebSquareConfig.getStringValue] key[//engineType/@baseFolder] value[] defaultValue[]
11/23 17:12:25.462 [http-nio-8080-exec-2/INFO][GeneratedMethodAccessor6.invoke:-1] [WebSquareConfig.getStringValue] key[//engineType/@coverage] value[notsupport] defaultValue[notsupport]
11/23 17:12:25.462 [http-nio-8080-exec-2/SEVERE][GeneratedMethodAccessor6.invoke:-1] LoadingModule [websquare.WebSquareEngine][3763500][1]
11/23 17:12:25.851 [http-nio-8080-exec-2/INFO][GeneratedMethodAccessor6.invoke:-1] [WebSquareConfig.getStringValue] key[//webpackType/@etag] value[] defaultValue[support]
11/23 17:12:26.443 [http-nio-8080-exec-1/INFO][GeneratedMethodAccessor6.invoke:-1] [WebSquareConfig.getStringValue] key[//date/encoding/@value] value[] defaultValue[UTF-8]
11/23 17:28:56.627 [http-nio-8080-exec-2/INFO][NativeMethodAccessorImpl.invoke0:-2] [WebSquareConfig.getStringValue] key[//wqDefiner/@value] value[] defaultValue[]
11/23 17:28:56.635 [http-nio-8080-exec-2/INFO][NativeMethodAccessorImpl.invoke0:-2] [WebSquareConfig.getStringValue] key[//upload/@support] value[] defaultValue[true]
11/23 17:28:56.635 [http-nio-8080-exec-2/INFO][NativeMethodAccessorImpl.invoke0:-2] [WebSquareConfig.getStringValue] key[/websquare/upload/maxUploadSize/@value] value[536870912] defaultValue[1048576]
11/23 17:28:56.635 [http-nio-8080-exec-2/INFO][NativeMethodAccessorImpl.invoke0:-2] [WebSquareConfig.getStringValue] key[//upload/encoding/@value] value[UTF-8] defaultValue[KSC5601]
11/23 17:28:56.651 [http-nio-8080-exec-2/INFO][NativeMethodAccessorImpl.invoke0:-2] [WebSquareConfig.getStringValue] key[//upload/baseDir/@value] value[C:\A_teammoca_repository\eclipse_20231025\mocaerp2024\WebContent\fileUpload] defaultValue[null]
11/23 17:28:56.651 [http-nio-8080-exec-2/INFO][NativeMethodAccessorImpl.invoke0:-2] [WebSquareConfig.getStringValue] key[//upload/folderName/@value] value[up] defaultValue[]
11/23 17:28:56.689 [http-nio-8080-exec-2/INFO][NativeMethodAccessorImpl.invoke0:-2] [WebSquareConfig.getStringValue] key[//webpackType/@value] value[] defaultValue[default]
11/23 17:28:56.881 [http-nio-8080-exec-2/INFO][GeneratedMethodAccessor6.invoke:-1] [WebSquareConfig.getStringValue] key[//engineType/@baseFolder] value[] defaultValue[]
11/23 17:28:57.150 [http-nio-8080-exec-2/INFO][GeneratedMethodAccessor6.invoke:-1] [WebSquareConfig.getStringValue] key[//engineType/@coverage] value[notsupport] defaultValue[notsupport]
11/23 17:28:57.150 [http-nio-8080-exec-2/SEVERE][GeneratedMethodAccessor6.invoke:-1] LoadingModule [websquare.WebSquareEngine][3763500][1]
11/23 17:28:57.368 [http-nio-8080-exec-2/INFO][GeneratedMethodAccessor6.invoke:-1] [WebSquareConfig.getStringValue] key[//webpackType/@etag] value[] defaultValue[support]
11/23 17:28:57.930 [http-nio-8080-exec-3/INFO][GeneratedMethodAccessor6.invoke:-1] [WebSquareConfig.getStringValue] key[//date/encoding/@value] value[] defaultValue[UTF-8]
11/23 22:26:01.370 [http-nio-8080-exec-1/INFO][NativeMethodAccessorImpl.invoke0:-2] [WebSquareConfig.getStringValue] key[//wqDefiner/@value] value[] defaultValue[]
11/23 22:26:01.372 [http-nio-8080-exec-1/INFO][NativeMethodAccessorImpl.invoke0:-2] [WebSquareConfig.getStringValue] key[//upload/@support] value[] defaultValue[true]
11/23 22:26:01.377 [http-nio-8080-exec-1/INFO][NativeMethodAccessorImpl.invoke0:-2] [WebSquareConfig.getStringValue] key[/websquare/upload/maxUploadSize/@value] value[536870912] defaultValue[1048576]
11/23 22:26:01.386 [http-nio-8080-exec-1/INFO][NativeMethodAccessorImpl.invoke0:-2] [WebSquareConfig.getStringValue] key[//upload/encoding/@value] value[UTF-8] defaultValue[KSC5601]
11/23 22:26:01.386 [http-nio-8080-exec-1/INFO][NativeMethodAccessorImpl.invoke0:-2] [WebSquareConfig.getStringValue] key[//upload/baseDir/@value] value[C:\A_teammoca_repository\eclipse_20231025\mocaerp2024\WebContent\fileUpload] defaultValue[null]
11/23 22:26:01.386 [http-nio-8080-exec-1/INFO][NativeMethodAccessorImpl.invoke0:-2] [WebSquareConfig.getStringValue] key[//upload/folderName/@value] value[up] defaultValue[]
11/23 22:26:01.449 [http-nio-8080-exec-1/INFO][NativeMethodAccessorImpl.invoke0:-2] [WebSquareConfig.getStringValue] key[//date/encoding/@value] value[] defaultValue[UTF-8]
