11/21 13:59:51.395 [http-nio-8080-exec-2/INFO][NativeMethodAccessorImpl.invoke0:-2] [WebSquareConfig.getStringValue] key[//wqDefiner/@value] value[] defaultValue[]
11/21 13:59:51.400 [http-nio-8080-exec-2/INFO][NativeMethodAccessorImpl.invoke0:-2] [WebSquareConfig.getStringValue] key[//upload/@support] value[] defaultValue[true]
11/21 13:59:51.402 [http-nio-8080-exec-2/INFO][NativeMethodAccessorImpl.invoke0:-2] [WebSquareConfig.getStringValue] key[/websquare/upload/maxUploadSize/@value] value[536870912] defaultValue[1048576]
11/21 13:59:51.412 [http-nio-8080-exec-2/INFO][NativeMethodAccessorImpl.invoke0:-2] [WebSquareConfig.getStringValue] key[//upload/encoding/@value] value[UTF-8] defaultValue[KSC5601]
11/21 13:59:51.427 [http-nio-8080-exec-2/INFO][NativeMethodAccessorImpl.invoke0:-2] [WebSquareConfig.getStringValue] key[//upload/baseDir/@value] value[C:\A_teammoca_repository\eclipse_20231025\mocaerp2024\WebContent\fileUpload] defaultValue[null]
11/21 13:59:51.429 [http-nio-8080-exec-2/INFO][NativeMethodAccessorImpl.invoke0:-2] [WebSquareConfig.getStringValue] key[//upload/folderName/@value] value[up] defaultValue[]
11/21 13:59:51.485 [http-nio-8080-exec-2/INFO][NativeMethodAccessorImpl.invoke0:-2] [WebSquareConfig.getStringValue] key[//webpackType/@value] value[] defaultValue[default]
11/21 13:59:51.686 [http-nio-8080-exec-2/INFO][GeneratedMethodAccessor24.invoke:-1] [WebSquareConfig.getStringValue] key[//engineType/@baseFolder] value[] defaultValue[]
11/21 13:59:51.914 [http-nio-8080-exec-2/INFO][GeneratedMethodAccessor24.invoke:-1] [WebSquareConfig.getStringValue] key[//engineType/@coverage] value[notsupport] defaultValue[notsupport]
11/21 13:59:51.915 [http-nio-8080-exec-2/SEVERE][GeneratedMethodAccessor24.invoke:-1] LoadingModule [websquare.WebSquareEngine][3763500][1]
11/21 13:59:52.108 [http-nio-8080-exec-2/INFO][GeneratedMethodAccessor24.invoke:-1] [WebSquareConfig.getStringValue] key[//webpackType/@etag] value[] defaultValue[support]
11/21 13:59:52.471 [http-nio-8080-exec-3/INFO][GeneratedMethodAccessor24.invoke:-1] [WebSquareConfig.getStringValue] key[//date/encoding/@value] value[] defaultValue[UTF-8]
11/21 14:27:33.825 [http-nio-8080-exec-4/INFO][NativeMethodAccessorImpl.invoke0:-2] [WebSquareConfig.getStringValue] key[//wqDefiner/@value] value[] defaultValue[]
11/21 14:27:33.834 [http-nio-8080-exec-4/INFO][NativeMethodAccessorImpl.invoke0:-2] [WebSquareConfig.getStringValue] key[//upload/@support] value[] defaultValue[true]
11/21 14:27:33.834 [http-nio-8080-exec-4/INFO][NativeMethodAccessorImpl.invoke0:-2] [WebSquareConfig.getStringValue] key[/websquare/upload/maxUploadSize/@value] value[536870912] defaultValue[1048576]
11/21 14:27:33.850 [http-nio-8080-exec-4/INFO][NativeMethodAccessorImpl.invoke0:-2] [WebSquareConfig.getStringValue] key[//upload/encoding/@value] value[UTF-8] defaultValue[KSC5601]
11/21 14:27:33.877 [http-nio-8080-exec-4/INFO][NativeMethodAccessorImpl.invoke0:-2] [WebSquareConfig.getStringValue] key[//upload/baseDir/@value] value[C:\A_teammoca_repository\eclipse_20231025\mocaerp2024\WebContent\fileUpload] defaultValue[null]
11/21 14:27:33.877 [http-nio-8080-exec-4/INFO][NativeMethodAccessorImpl.invoke0:-2] [WebSquareConfig.getStringValue] key[//upload/folderName/@value] value[up] defaultValue[]
11/21 14:27:33.973 [http-nio-8080-exec-4/INFO][NativeMethodAccessorImpl.invoke0:-2] [WebSquareConfig.getStringValue] key[//webpackType/@value] value[] defaultValue[default]
11/21 14:27:34.273 [http-nio-8080-exec-4/INFO][GeneratedMethodAccessor24.invoke:-1] [WebSquareConfig.getStringValue] key[//engineType/@baseFolder] value[] defaultValue[]
11/21 14:27:34.730 [http-nio-8080-exec-4/INFO][GeneratedMethodAccessor24.invoke:-1] [WebSquareConfig.getStringValue] key[//engineType/@coverage] value[notsupport] defaultValue[notsupport]
11/21 14:27:34.730 [http-nio-8080-exec-4/SEVERE][GeneratedMethodAccessor24.invoke:-1] LoadingModule [websquare.WebSquareEngine][3763500][1]
11/21 14:27:35.125 [http-nio-8080-exec-4/INFO][GeneratedMethodAccessor24.invoke:-1] [WebSquareConfig.getStringValue] key[//webpackType/@etag] value[] defaultValue[support]
11/21 14:28:29.333 [http-nio-8080-exec-2/INFO][GeneratedMethodAccessor24.invoke:-1] [WebSquareConfig.getStringValue] key[//date/encoding/@value] value[] defaultValue[UTF-8]
11/21 14:34:22.878 [http-nio-8080-exec-5/INFO][NativeMethodAccessorImpl.invoke0:-2] [WebSquareConfig.getStringValue] key[//wqDefiner/@value] value[] defaultValue[]
11/21 14:34:22.894 [http-nio-8080-exec-5/INFO][NativeMethodAccessorImpl.invoke0:-2] [WebSquareConfig.getStringValue] key[//upload/@support] value[] defaultValue[true]
11/21 14:34:22.896 [http-nio-8080-exec-5/INFO][NativeMethodAccessorImpl.invoke0:-2] [WebSquareConfig.getStringValue] key[/websquare/upload/maxUploadSize/@value] value[536870912] defaultValue[1048576]
11/21 14:34:22.918 [http-nio-8080-exec-5/INFO][NativeMethodAccessorImpl.invoke0:-2] [WebSquareConfig.getStringValue] key[//upload/encoding/@value] value[UTF-8] defaultValue[KSC5601]
11/21 14:34:22.918 [http-nio-8080-exec-5/INFO][NativeMethodAccessorImpl.invoke0:-2] [WebSquareConfig.getStringValue] key[//upload/baseDir/@value] value[C:\A_teammoca_repository\eclipse_20231025\mocaerp2024\WebContent\fileUpload] defaultValue[null]
11/21 14:34:22.926 [http-nio-8080-exec-5/INFO][NativeMethodAccessorImpl.invoke0:-2] [WebSquareConfig.getStringValue] key[//upload/folderName/@value] value[up] defaultValue[]
11/21 14:34:23.039 [http-nio-8080-exec-5/INFO][NativeMethodAccessorImpl.invoke0:-2] [WebSquareConfig.getStringValue] key[//webpackType/@value] value[] defaultValue[default]
11/21 14:34:23.362 [http-nio-8080-exec-5/INFO][GeneratedMethodAccessor24.invoke:-1] [WebSquareConfig.getStringValue] key[//engineType/@baseFolder] value[] defaultValue[]
11/21 14:34:23.873 [http-nio-8080-exec-5/INFO][GeneratedMethodAccessor24.invoke:-1] [WebSquareConfig.getStringValue] key[//engineType/@coverage] value[notsupport] defaultValue[notsupport]
11/21 14:34:23.873 [http-nio-8080-exec-5/SEVERE][GeneratedMethodAccessor24.invoke:-1] LoadingModule [websquare.WebSquareEngine][3763500][1]
11/21 14:34:24.230 [http-nio-8080-exec-5/INFO][GeneratedMethodAccessor24.invoke:-1] [WebSquareConfig.getStringValue] key[//webpackType/@etag] value[] defaultValue[support]
11/21 14:34:24.722 [http-nio-8080-exec-4/INFO][GeneratedMethodAccessor24.invoke:-1] [WebSquareConfig.getStringValue] key[//date/encoding/@value] value[] defaultValue[UTF-8]
11/21 23:54:47.226 [http-nio-8080-exec-2/INFO][NativeMethodAccessorImpl.invoke0:-2] [WebSquareConfig.getStringValue] key[//wqDefiner/@value] value[] defaultValue[]
11/21 23:54:47.229 [http-nio-8080-exec-2/INFO][NativeMethodAccessorImpl.invoke0:-2] [WebSquareConfig.getStringValue] key[//upload/@support] value[] defaultValue[true]
11/21 23:54:47.235 [http-nio-8080-exec-2/INFO][NativeMethodAccessorImpl.invoke0:-2] [WebSquareConfig.getStringValue] key[/websquare/upload/maxUploadSize/@value] value[536870912] defaultValue[1048576]
11/21 23:54:47.241 [http-nio-8080-exec-2/INFO][NativeMethodAccessorImpl.invoke0:-2] [WebSquareConfig.getStringValue] key[//upload/encoding/@value] value[UTF-8] defaultValue[KSC5601]
11/21 23:54:47.245 [http-nio-8080-exec-2/INFO][NativeMethodAccessorImpl.invoke0:-2] [WebSquareConfig.getStringValue] key[//upload/baseDir/@value] value[C:\A_teammoca_repository\eclipse_20231025\mocaerp2024\WebContent\fileUpload] defaultValue[null]
11/21 23:54:47.248 [http-nio-8080-exec-2/INFO][NativeMethodAccessorImpl.invoke0:-2] [WebSquareConfig.getStringValue] key[//upload/folderName/@value] value[up] defaultValue[]
11/21 23:54:47.282 [http-nio-8080-exec-2/INFO][NativeMethodAccessorImpl.invoke0:-2] [WebSquareConfig.getStringValue] key[//webpackType/@value] value[] defaultValue[default]
11/21 23:54:47.513 [http-nio-8080-exec-2/INFO][GeneratedMethodAccessor6.invoke:-1] [WebSquareConfig.getStringValue] key[//engineType/@baseFolder] value[] defaultValue[]
11/21 23:54:47.776 [http-nio-8080-exec-2/INFO][GeneratedMethodAccessor6.invoke:-1] [WebSquareConfig.getStringValue] key[//engineType/@coverage] value[notsupport] defaultValue[notsupport]
11/21 23:54:47.776 [http-nio-8080-exec-2/SEVERE][GeneratedMethodAccessor6.invoke:-1] LoadingModule [websquare.WebSquareEngine][3763500][1]
11/21 23:54:47.983 [http-nio-8080-exec-2/INFO][GeneratedMethodAccessor6.invoke:-1] [WebSquareConfig.getStringValue] key[//webpackType/@etag] value[] defaultValue[support]
11/21 23:55:10.652 [http-nio-8080-exec-10/INFO][GeneratedMethodAccessor6.invoke:-1] [WebSquareConfig.getStringValue] key[//date/encoding/@value] value[] defaultValue[UTF-8]
