11/22 00:08:23.164 [http-nio-8080-exec-3/INFO][NativeMethodAccessorImpl.invoke0:-2] [WebSquareConfig.getStringValue] key[//wqDefiner/@value] value[] defaultValue[]
11/22 00:08:23.167 [http-nio-8080-exec-3/INFO][NativeMethodAccessorImpl.invoke0:-2] [WebSquareConfig.getStringValue] key[//upload/@support] value[] defaultValue[true]
11/22 00:08:23.170 [http-nio-8080-exec-3/INFO][NativeMethodAccessorImpl.invoke0:-2] [WebSquareConfig.getStringValue] key[/websquare/upload/maxUploadSize/@value] value[536870912] defaultValue[1048576]
11/22 00:08:23.177 [http-nio-8080-exec-3/INFO][NativeMethodAccessorImpl.invoke0:-2] [WebSquareConfig.getStringValue] key[//upload/encoding/@value] value[UTF-8] defaultValue[KSC5601]
11/22 00:08:23.180 [http-nio-8080-exec-3/INFO][NativeMethodAccessorImpl.invoke0:-2] [WebSquareConfig.getStringValue] key[//upload/baseDir/@value] value[C:\A_teammoca_repository\eclipse_20231025\mocaerp2024\WebContent\fileUpload] defaultValue[null]
11/22 00:08:23.181 [http-nio-8080-exec-3/INFO][NativeMethodAccessorImpl.invoke0:-2] [WebSquareConfig.getStringValue] key[//upload/folderName/@value] value[up] defaultValue[]
11/22 00:08:23.215 [http-nio-8080-exec-3/INFO][NativeMethodAccessorImpl.invoke0:-2] [WebSquareConfig.getStringValue] key[//webpackType/@value] value[] defaultValue[default]
11/22 00:08:23.388 [http-nio-8080-exec-3/INFO][GeneratedMethodAccessor6.invoke:-1] [WebSquareConfig.getStringValue] key[//engineType/@baseFolder] value[] defaultValue[]
11/22 00:08:23.625 [http-nio-8080-exec-3/INFO][GeneratedMethodAccessor6.invoke:-1] [WebSquareConfig.getStringValue] key[//engineType/@coverage] value[notsupport] defaultValue[notsupport]
11/22 00:08:23.625 [http-nio-8080-exec-3/SEVERE][GeneratedMethodAccessor6.invoke:-1] LoadingModule [websquare.WebSquareEngine][3763500][1]
11/22 00:08:23.833 [http-nio-8080-exec-3/INFO][GeneratedMethodAccessor6.invoke:-1] [WebSquareConfig.getStringValue] key[//webpackType/@etag] value[] defaultValue[support]
11/22 00:08:24.686 [http-nio-8080-exec-9/INFO][GeneratedMethodAccessor6.invoke:-1] [WebSquareConfig.getStringValue] key[//date/encoding/@value] value[] defaultValue[UTF-8]
11/22 00:11:25.942 [http-nio-8080-exec-3/INFO][NativeMethodAccessorImpl.invoke0:-2] [WebSquareConfig.getStringValue] key[//wqDefiner/@value] value[] defaultValue[]
11/22 00:11:25.950 [http-nio-8080-exec-3/INFO][NativeMethodAccessorImpl.invoke0:-2] [WebSquareConfig.getStringValue] key[//upload/@support] value[] defaultValue[true]
11/22 00:11:25.958 [http-nio-8080-exec-3/INFO][NativeMethodAccessorImpl.invoke0:-2] [WebSquareConfig.getStringValue] key[/websquare/upload/maxUploadSize/@value] value[536870912] defaultValue[1048576]
11/22 00:11:25.970 [http-nio-8080-exec-3/INFO][NativeMethodAccessorImpl.invoke0:-2] [WebSquareConfig.getStringValue] key[//upload/encoding/@value] value[UTF-8] defaultValue[KSC5601]
11/22 00:11:25.979 [http-nio-8080-exec-3/INFO][NativeMethodAccessorImpl.invoke0:-2] [WebSquareConfig.getStringValue] key[//upload/baseDir/@value] value[C:\A_teammoca_repository\eclipse_20231025\mocaerp2024\WebContent\fileUpload] defaultValue[null]
11/22 00:11:25.993 [http-nio-8080-exec-3/INFO][NativeMethodAccessorImpl.invoke0:-2] [WebSquareConfig.getStringValue] key[//upload/folderName/@value] value[up] defaultValue[]
11/22 00:11:26.043 [http-nio-8080-exec-3/INFO][NativeMethodAccessorImpl.invoke0:-2] [WebSquareConfig.getStringValue] key[//webpackType/@value] value[] defaultValue[default]
11/22 00:11:26.227 [http-nio-8080-exec-3/INFO][GeneratedMethodAccessor6.invoke:-1] [WebSquareConfig.getStringValue] key[//engineType/@baseFolder] value[] defaultValue[]
11/22 00:11:26.518 [http-nio-8080-exec-3/INFO][GeneratedMethodAccessor6.invoke:-1] [WebSquareConfig.getStringValue] key[//engineType/@coverage] value[notsupport] defaultValue[notsupport]
11/22 00:11:26.518 [http-nio-8080-exec-3/SEVERE][GeneratedMethodAccessor6.invoke:-1] LoadingModule [websquare.WebSquareEngine][3763500][1]
11/22 00:11:26.733 [http-nio-8080-exec-3/INFO][GeneratedMethodAccessor6.invoke:-1] [WebSquareConfig.getStringValue] key[//webpackType/@etag] value[] defaultValue[support]
11/22 00:11:27.362 [http-nio-8080-exec-10/INFO][GeneratedMethodAccessor6.invoke:-1] [WebSquareConfig.getStringValue] key[//date/encoding/@value] value[] defaultValue[UTF-8]
11/22 00:14:05.779 [http-nio-8080-exec-2/INFO][NativeMethodAccessorImpl.invoke0:-2] [WebSquareConfig.getStringValue] key[//wqDefiner/@value] value[] defaultValue[]
11/22 00:14:05.790 [http-nio-8080-exec-2/INFO][NativeMethodAccessorImpl.invoke0:-2] [WebSquareConfig.getStringValue] key[//upload/@support] value[] defaultValue[true]
11/22 00:14:05.790 [http-nio-8080-exec-2/INFO][NativeMethodAccessorImpl.invoke0:-2] [WebSquareConfig.getStringValue] key[/websquare/upload/maxUploadSize/@value] value[536870912] defaultValue[1048576]
11/22 00:14:05.796 [http-nio-8080-exec-2/INFO][NativeMethodAccessorImpl.invoke0:-2] [WebSquareConfig.getStringValue] key[//upload/encoding/@value] value[UTF-8] defaultValue[KSC5601]
11/22 00:14:05.808 [http-nio-8080-exec-2/INFO][NativeMethodAccessorImpl.invoke0:-2] [WebSquareConfig.getStringValue] key[//upload/baseDir/@value] value[C:\A_teammoca_repository\eclipse_20231025\mocaerp2024\WebContent\fileUpload] defaultValue[null]
11/22 00:14:05.810 [http-nio-8080-exec-2/INFO][NativeMethodAccessorImpl.invoke0:-2] [WebSquareConfig.getStringValue] key[//upload/folderName/@value] value[up] defaultValue[]
11/22 00:14:05.853 [http-nio-8080-exec-2/INFO][NativeMethodAccessorImpl.invoke0:-2] [WebSquareConfig.getStringValue] key[//webpackType/@value] value[] defaultValue[default]
11/22 00:14:06.040 [http-nio-8080-exec-2/INFO][GeneratedMethodAccessor6.invoke:-1] [WebSquareConfig.getStringValue] key[//engineType/@baseFolder] value[] defaultValue[]
11/22 00:14:06.316 [http-nio-8080-exec-2/INFO][GeneratedMethodAccessor6.invoke:-1] [WebSquareConfig.getStringValue] key[//engineType/@coverage] value[notsupport] defaultValue[notsupport]
11/22 00:14:06.317 [http-nio-8080-exec-2/SEVERE][GeneratedMethodAccessor6.invoke:-1] LoadingModule [websquare.WebSquareEngine][3763500][1]
11/22 00:14:06.523 [http-nio-8080-exec-2/INFO][GeneratedMethodAccessor6.invoke:-1] [WebSquareConfig.getStringValue] key[//webpackType/@etag] value[] defaultValue[support]
11/22 00:14:07.139 [http-nio-8080-exec-9/INFO][GeneratedMethodAccessor6.invoke:-1] [WebSquareConfig.getStringValue] key[//date/encoding/@value] value[] defaultValue[UTF-8]
11/22 00:17:33.022 [http-nio-8080-exec-1/INFO][NativeMethodAccessorImpl.invoke0:-2] [WebSquareConfig.getStringValue] key[//wqDefiner/@value] value[] defaultValue[]
11/22 00:17:33.022 [http-nio-8080-exec-1/INFO][NativeMethodAccessorImpl.invoke0:-2] [WebSquareConfig.getStringValue] key[//upload/@support] value[] defaultValue[true]
11/22 00:17:33.037 [http-nio-8080-exec-1/INFO][NativeMethodAccessorImpl.invoke0:-2] [WebSquareConfig.getStringValue] key[/websquare/upload/maxUploadSize/@value] value[536870912] defaultValue[1048576]
11/22 00:17:33.037 [http-nio-8080-exec-1/INFO][NativeMethodAccessorImpl.invoke0:-2] [WebSquareConfig.getStringValue] key[//upload/encoding/@value] value[UTF-8] defaultValue[KSC5601]
11/22 00:17:33.057 [http-nio-8080-exec-1/INFO][NativeMethodAccessorImpl.invoke0:-2] [WebSquareConfig.getStringValue] key[//upload/baseDir/@value] value[C:\A_teammoca_repository\eclipse_20231025\mocaerp2024\WebContent\fileUpload] defaultValue[null]
11/22 00:17:33.060 [http-nio-8080-exec-1/INFO][NativeMethodAccessorImpl.invoke0:-2] [WebSquareConfig.getStringValue] key[//upload/folderName/@value] value[up] defaultValue[]
11/22 00:17:33.110 [http-nio-8080-exec-1/INFO][NativeMethodAccessorImpl.invoke0:-2] [WebSquareConfig.getStringValue] key[//webpackType/@value] value[] defaultValue[default]
11/22 00:17:33.296 [http-nio-8080-exec-1/INFO][GeneratedMethodAccessor6.invoke:-1] [WebSquareConfig.getStringValue] key[//engineType/@baseFolder] value[] defaultValue[]
11/22 00:17:33.530 [http-nio-8080-exec-1/INFO][GeneratedMethodAccessor6.invoke:-1] [WebSquareConfig.getStringValue] key[//engineType/@coverage] value[notsupport] defaultValue[notsupport]
11/22 00:17:33.530 [http-nio-8080-exec-1/SEVERE][GeneratedMethodAccessor6.invoke:-1] LoadingModule [websquare.WebSquareEngine][3763500][1]
11/22 00:17:33.730 [http-nio-8080-exec-1/INFO][GeneratedMethodAccessor6.invoke:-1] [WebSquareConfig.getStringValue] key[//webpackType/@etag] value[] defaultValue[support]
11/22 00:17:33.894 [http-nio-8080-exec-10/INFO][GeneratedMethodAccessor6.invoke:-1] [WebSquareConfig.getStringValue] key[//date/encoding/@value] value[] defaultValue[UTF-8]
11/22 00:22:14.339 [http-nio-8080-exec-2/INFO][NativeMethodAccessorImpl.invoke0:-2] [WebSquareConfig.getStringValue] key[//wqDefiner/@value] value[] defaultValue[]
11/22 00:22:14.339 [http-nio-8080-exec-2/INFO][NativeMethodAccessorImpl.invoke0:-2] [WebSquareConfig.getStringValue] key[//upload/@support] value[] defaultValue[true]
11/22 00:22:14.352 [http-nio-8080-exec-2/INFO][NativeMethodAccessorImpl.invoke0:-2] [WebSquareConfig.getStringValue] key[/websquare/upload/maxUploadSize/@value] value[536870912] defaultValue[1048576]
11/22 00:22:14.361 [http-nio-8080-exec-2/INFO][NativeMethodAccessorImpl.invoke0:-2] [WebSquareConfig.getStringValue] key[//upload/encoding/@value] value[UTF-8] defaultValue[KSC5601]
11/22 00:22:14.366 [http-nio-8080-exec-2/INFO][NativeMethodAccessorImpl.invoke0:-2] [WebSquareConfig.getStringValue] key[//upload/baseDir/@value] value[C:\A_teammoca_repository\eclipse_20231025\mocaerp2024\WebContent\fileUpload] defaultValue[null]
11/22 00:22:14.369 [http-nio-8080-exec-2/INFO][NativeMethodAccessorImpl.invoke0:-2] [WebSquareConfig.getStringValue] key[//upload/folderName/@value] value[up] defaultValue[]
11/22 00:22:14.422 [http-nio-8080-exec-2/INFO][NativeMethodAccessorImpl.invoke0:-2] [WebSquareConfig.getStringValue] key[//webpackType/@value] value[] defaultValue[default]
11/22 00:22:14.626 [http-nio-8080-exec-2/INFO][GeneratedMethodAccessor6.invoke:-1] [WebSquareConfig.getStringValue] key[//engineType/@baseFolder] value[] defaultValue[]
11/22 00:22:14.882 [http-nio-8080-exec-2/INFO][GeneratedMethodAccessor6.invoke:-1] [WebSquareConfig.getStringValue] key[//engineType/@coverage] value[notsupport] defaultValue[notsupport]
11/22 00:22:14.883 [http-nio-8080-exec-2/SEVERE][GeneratedMethodAccessor6.invoke:-1] LoadingModule [websquare.WebSquareEngine][3763500][1]
11/22 00:22:15.084 [http-nio-8080-exec-2/INFO][GeneratedMethodAccessor6.invoke:-1] [WebSquareConfig.getStringValue] key[//webpackType/@etag] value[] defaultValue[support]
11/22 00:22:15.482 [http-nio-8080-exec-9/INFO][GeneratedMethodAccessor6.invoke:-1] [WebSquareConfig.getStringValue] key[//date/encoding/@value] value[] defaultValue[UTF-8]
11/22 00:27:36.141 [http-nio-8080-exec-3/INFO][NativeMethodAccessorImpl.invoke0:-2] [WebSquareConfig.getStringValue] key[//wqDefiner/@value] value[] defaultValue[]
11/22 00:27:36.149 [http-nio-8080-exec-3/INFO][NativeMethodAccessorImpl.invoke0:-2] [WebSquareConfig.getStringValue] key[//upload/@support] value[] defaultValue[true]
11/22 00:27:36.155 [http-nio-8080-exec-3/INFO][NativeMethodAccessorImpl.invoke0:-2] [WebSquareConfig.getStringValue] key[/websquare/upload/maxUploadSize/@value] value[536870912] defaultValue[1048576]
11/22 00:27:36.165 [http-nio-8080-exec-3/INFO][NativeMethodAccessorImpl.invoke0:-2] [WebSquareConfig.getStringValue] key[//upload/encoding/@value] value[UTF-8] defaultValue[KSC5601]
11/22 00:27:36.171 [http-nio-8080-exec-3/INFO][NativeMethodAccessorImpl.invoke0:-2] [WebSquareConfig.getStringValue] key[//upload/baseDir/@value] value[C:\A_teammoca_repository\eclipse_20231025\mocaerp2024\WebContent\fileUpload] defaultValue[null]
11/22 00:27:36.175 [http-nio-8080-exec-3/INFO][NativeMethodAccessorImpl.invoke0:-2] [WebSquareConfig.getStringValue] key[//upload/folderName/@value] value[up] defaultValue[]
11/22 00:27:36.213 [http-nio-8080-exec-3/INFO][NativeMethodAccessorImpl.invoke0:-2] [WebSquareConfig.getStringValue] key[//webpackType/@value] value[] defaultValue[default]
11/22 00:27:36.423 [http-nio-8080-exec-3/INFO][GeneratedMethodAccessor6.invoke:-1] [WebSquareConfig.getStringValue] key[//engineType/@baseFolder] value[] defaultValue[]
11/22 00:27:36.675 [http-nio-8080-exec-3/INFO][GeneratedMethodAccessor6.invoke:-1] [WebSquareConfig.getStringValue] key[//engineType/@coverage] value[notsupport] defaultValue[notsupport]
11/22 00:27:36.676 [http-nio-8080-exec-3/SEVERE][GeneratedMethodAccessor6.invoke:-1] LoadingModule [websquare.WebSquareEngine][3763500][1]
11/22 00:27:36.893 [http-nio-8080-exec-3/INFO][GeneratedMethodAccessor6.invoke:-1] [WebSquareConfig.getStringValue] key[//webpackType/@etag] value[] defaultValue[support]
11/22 00:27:37.053 [http-nio-8080-exec-10/INFO][GeneratedMethodAccessor6.invoke:-1] [WebSquareConfig.getStringValue] key[//date/encoding/@value] value[] defaultValue[UTF-8]
11/22 00:30:32.199 [http-nio-8080-exec-2/INFO][NativeMethodAccessorImpl.invoke0:-2] [WebSquareConfig.getStringValue] key[//wqDefiner/@value] value[] defaultValue[]
11/22 00:30:32.202 [http-nio-8080-exec-2/INFO][NativeMethodAccessorImpl.invoke0:-2] [WebSquareConfig.getStringValue] key[//upload/@support] value[] defaultValue[true]
11/22 00:30:32.205 [http-nio-8080-exec-2/INFO][NativeMethodAccessorImpl.invoke0:-2] [WebSquareConfig.getStringValue] key[/websquare/upload/maxUploadSize/@value] value[536870912] defaultValue[1048576]
11/22 00:30:32.209 [http-nio-8080-exec-2/INFO][NativeMethodAccessorImpl.invoke0:-2] [WebSquareConfig.getStringValue] key[//upload/encoding/@value] value[UTF-8] defaultValue[KSC5601]
11/22 00:30:32.215 [http-nio-8080-exec-2/INFO][NativeMethodAccessorImpl.invoke0:-2] [WebSquareConfig.getStringValue] key[//upload/baseDir/@value] value[C:\A_teammoca_repository\eclipse_20231025\mocaerp2024\WebContent\fileUpload] defaultValue[null]
11/22 00:30:32.216 [http-nio-8080-exec-2/INFO][NativeMethodAccessorImpl.invoke0:-2] [WebSquareConfig.getStringValue] key[//upload/folderName/@value] value[up] defaultValue[]
11/22 00:30:32.255 [http-nio-8080-exec-2/INFO][NativeMethodAccessorImpl.invoke0:-2] [WebSquareConfig.getStringValue] key[//webpackType/@value] value[] defaultValue[default]
11/22 00:30:32.448 [http-nio-8080-exec-2/INFO][GeneratedMethodAccessor6.invoke:-1] [WebSquareConfig.getStringValue] key[//engineType/@baseFolder] value[] defaultValue[]
11/22 00:30:32.709 [http-nio-8080-exec-2/INFO][GeneratedMethodAccessor6.invoke:-1] [WebSquareConfig.getStringValue] key[//engineType/@coverage] value[notsupport] defaultValue[notsupport]
11/22 00:30:32.710 [http-nio-8080-exec-2/SEVERE][GeneratedMethodAccessor6.invoke:-1] LoadingModule [websquare.WebSquareEngine][3763500][1]
11/22 00:30:32.912 [http-nio-8080-exec-2/INFO][GeneratedMethodAccessor6.invoke:-1] [WebSquareConfig.getStringValue] key[//webpackType/@etag] value[] defaultValue[support]
11/22 00:30:33.039 [http-nio-8080-exec-9/INFO][GeneratedMethodAccessor6.invoke:-1] [WebSquareConfig.getStringValue] key[//date/encoding/@value] value[] defaultValue[UTF-8]
11/22 00:33:45.309 [http-nio-8080-exec-2/INFO][NativeMethodAccessorImpl.invoke0:-2] [WebSquareConfig.getStringValue] key[//wqDefiner/@value] value[] defaultValue[]
11/22 00:33:45.315 [http-nio-8080-exec-2/INFO][NativeMethodAccessorImpl.invoke0:-2] [WebSquareConfig.getStringValue] key[//upload/@support] value[] defaultValue[true]
11/22 00:33:45.318 [http-nio-8080-exec-2/INFO][NativeMethodAccessorImpl.invoke0:-2] [WebSquareConfig.getStringValue] key[/websquare/upload/maxUploadSize/@value] value[536870912] defaultValue[1048576]
11/22 00:33:45.324 [http-nio-8080-exec-2/INFO][NativeMethodAccessorImpl.invoke0:-2] [WebSquareConfig.getStringValue] key[//upload/encoding/@value] value[UTF-8] defaultValue[KSC5601]
11/22 00:33:45.329 [http-nio-8080-exec-2/INFO][NativeMethodAccessorImpl.invoke0:-2] [WebSquareConfig.getStringValue] key[//upload/baseDir/@value] value[C:\A_teammoca_repository\eclipse_20231025\mocaerp2024\WebContent\fileUpload] defaultValue[null]
11/22 00:33:45.331 [http-nio-8080-exec-2/INFO][NativeMethodAccessorImpl.invoke0:-2] [WebSquareConfig.getStringValue] key[//upload/folderName/@value] value[up] defaultValue[]
11/22 00:33:45.371 [http-nio-8080-exec-2/INFO][NativeMethodAccessorImpl.invoke0:-2] [WebSquareConfig.getStringValue] key[//webpackType/@value] value[] defaultValue[default]
11/22 00:33:45.560 [http-nio-8080-exec-2/INFO][GeneratedMethodAccessor6.invoke:-1] [WebSquareConfig.getStringValue] key[//engineType/@baseFolder] value[] defaultValue[]
11/22 00:33:45.826 [http-nio-8080-exec-2/INFO][GeneratedMethodAccessor6.invoke:-1] [WebSquareConfig.getStringValue] key[//engineType/@coverage] value[notsupport] defaultValue[notsupport]
11/22 00:33:45.827 [http-nio-8080-exec-2/SEVERE][GeneratedMethodAccessor6.invoke:-1] LoadingModule [websquare.WebSquareEngine][3763500][1]
11/22 00:33:46.059 [http-nio-8080-exec-2/INFO][GeneratedMethodAccessor6.invoke:-1] [WebSquareConfig.getStringValue] key[//webpackType/@etag] value[] defaultValue[support]
11/22 00:33:46.428 [http-nio-8080-exec-9/INFO][GeneratedMethodAccessor6.invoke:-1] [WebSquareConfig.getStringValue] key[//date/encoding/@value] value[] defaultValue[UTF-8]
11/22 00:34:51.994 [http-nio-8080-exec-2/INFO][NativeMethodAccessorImpl.invoke0:-2] [WebSquareConfig.getStringValue] key[//wqDefiner/@value] value[] defaultValue[]
11/22 00:34:51.998 [http-nio-8080-exec-2/INFO][NativeMethodAccessorImpl.invoke0:-2] [WebSquareConfig.getStringValue] key[//upload/@support] value[] defaultValue[true]
11/22 00:34:52.001 [http-nio-8080-exec-2/INFO][NativeMethodAccessorImpl.invoke0:-2] [WebSquareConfig.getStringValue] key[/websquare/upload/maxUploadSize/@value] value[536870912] defaultValue[1048576]
11/22 00:34:52.008 [http-nio-8080-exec-2/INFO][NativeMethodAccessorImpl.invoke0:-2] [WebSquareConfig.getStringValue] key[//upload/encoding/@value] value[UTF-8] defaultValue[KSC5601]
11/22 00:34:52.015 [http-nio-8080-exec-2/INFO][NativeMethodAccessorImpl.invoke0:-2] [WebSquareConfig.getStringValue] key[//upload/baseDir/@value] value[C:\A_teammoca_repository\eclipse_20231025\mocaerp2024\WebContent\fileUpload] defaultValue[null]
11/22 00:34:52.020 [http-nio-8080-exec-2/INFO][NativeMethodAccessorImpl.invoke0:-2] [WebSquareConfig.getStringValue] key[//upload/folderName/@value] value[up] defaultValue[]
11/22 00:34:52.059 [http-nio-8080-exec-2/INFO][NativeMethodAccessorImpl.invoke0:-2] [WebSquareConfig.getStringValue] key[//webpackType/@value] value[] defaultValue[default]
11/22 00:34:52.269 [http-nio-8080-exec-2/INFO][GeneratedMethodAccessor6.invoke:-1] [WebSquareConfig.getStringValue] key[//engineType/@baseFolder] value[] defaultValue[]
11/22 00:34:52.529 [http-nio-8080-exec-2/INFO][GeneratedMethodAccessor6.invoke:-1] [WebSquareConfig.getStringValue] key[//engineType/@coverage] value[notsupport] defaultValue[notsupport]
11/22 00:34:52.529 [http-nio-8080-exec-2/SEVERE][GeneratedMethodAccessor6.invoke:-1] LoadingModule [websquare.WebSquareEngine][3763500][1]
11/22 00:34:52.749 [http-nio-8080-exec-2/INFO][GeneratedMethodAccessor6.invoke:-1] [WebSquareConfig.getStringValue] key[//webpackType/@etag] value[] defaultValue[support]
11/22 00:34:52.894 [http-nio-8080-exec-9/INFO][GeneratedMethodAccessor6.invoke:-1] [WebSquareConfig.getStringValue] key[//date/encoding/@value] value[] defaultValue[UTF-8]
11/22 00:37:35.542 [http-nio-8080-exec-3/INFO][NativeMethodAccessorImpl.invoke0:-2] [WebSquareConfig.getStringValue] key[//wqDefiner/@value] value[] defaultValue[]
11/22 00:37:35.549 [http-nio-8080-exec-3/INFO][NativeMethodAccessorImpl.invoke0:-2] [WebSquareConfig.getStringValue] key[//upload/@support] value[] defaultValue[true]
11/22 00:37:35.553 [http-nio-8080-exec-3/INFO][NativeMethodAccessorImpl.invoke0:-2] [WebSquareConfig.getStringValue] key[/websquare/upload/maxUploadSize/@value] value[536870912] defaultValue[1048576]
11/22 00:37:35.560 [http-nio-8080-exec-3/INFO][NativeMethodAccessorImpl.invoke0:-2] [WebSquareConfig.getStringValue] key[//upload/encoding/@value] value[UTF-8] defaultValue[KSC5601]
11/22 00:37:35.563 [http-nio-8080-exec-3/INFO][NativeMethodAccessorImpl.invoke0:-2] [WebSquareConfig.getStringValue] key[//upload/baseDir/@value] value[C:\A_teammoca_repository\eclipse_20231025\mocaerp2024\WebContent\fileUpload] defaultValue[null]
11/22 00:37:35.565 [http-nio-8080-exec-3/INFO][NativeMethodAccessorImpl.invoke0:-2] [WebSquareConfig.getStringValue] key[//upload/folderName/@value] value[up] defaultValue[]
11/22 00:37:35.613 [http-nio-8080-exec-3/INFO][NativeMethodAccessorImpl.invoke0:-2] [WebSquareConfig.getStringValue] key[//webpackType/@value] value[] defaultValue[default]
11/22 00:37:35.814 [http-nio-8080-exec-3/INFO][GeneratedMethodAccessor6.invoke:-1] [WebSquareConfig.getStringValue] key[//engineType/@baseFolder] value[] defaultValue[]
11/22 00:37:36.075 [http-nio-8080-exec-3/INFO][GeneratedMethodAccessor6.invoke:-1] [WebSquareConfig.getStringValue] key[//engineType/@coverage] value[notsupport] defaultValue[notsupport]
11/22 00:37:36.075 [http-nio-8080-exec-3/SEVERE][GeneratedMethodAccessor6.invoke:-1] LoadingModule [websquare.WebSquareEngine][3763500][1]
11/22 00:37:36.276 [http-nio-8080-exec-3/INFO][GeneratedMethodAccessor6.invoke:-1] [WebSquareConfig.getStringValue] key[//webpackType/@etag] value[] defaultValue[support]
11/22 00:37:36.396 [http-nio-8080-exec-9/INFO][GeneratedMethodAccessor6.invoke:-1] [WebSquareConfig.getStringValue] key[//date/encoding/@value] value[] defaultValue[UTF-8]
11/22 00:44:52.416 [http-nio-8080-exec-2/INFO][NativeMethodAccessorImpl.invoke0:-2] [WebSquareConfig.getStringValue] key[//wqDefiner/@value] value[] defaultValue[]
11/22 00:44:52.421 [http-nio-8080-exec-2/INFO][NativeMethodAccessorImpl.invoke0:-2] [WebSquareConfig.getStringValue] key[//upload/@support] value[] defaultValue[true]
11/22 00:44:52.427 [http-nio-8080-exec-2/INFO][NativeMethodAccessorImpl.invoke0:-2] [WebSquareConfig.getStringValue] key[/websquare/upload/maxUploadSize/@value] value[536870912] defaultValue[1048576]
11/22 00:44:52.434 [http-nio-8080-exec-2/INFO][NativeMethodAccessorImpl.invoke0:-2] [WebSquareConfig.getStringValue] key[//upload/encoding/@value] value[UTF-8] defaultValue[KSC5601]
11/22 00:44:52.438 [http-nio-8080-exec-2/INFO][NativeMethodAccessorImpl.invoke0:-2] [WebSquareConfig.getStringValue] key[//upload/baseDir/@value] value[C:\A_teammoca_repository\eclipse_20231025\mocaerp2024\WebContent\fileUpload] defaultValue[null]
11/22 00:44:52.441 [http-nio-8080-exec-2/INFO][NativeMethodAccessorImpl.invoke0:-2] [WebSquareConfig.getStringValue] key[//upload/folderName/@value] value[up] defaultValue[]
11/22 00:44:52.484 [http-nio-8080-exec-2/INFO][NativeMethodAccessorImpl.invoke0:-2] [WebSquareConfig.getStringValue] key[//webpackType/@value] value[] defaultValue[default]
11/22 00:44:52.674 [http-nio-8080-exec-2/INFO][GeneratedMethodAccessor6.invoke:-1] [WebSquareConfig.getStringValue] key[//engineType/@baseFolder] value[] defaultValue[]
11/22 00:44:52.935 [http-nio-8080-exec-2/INFO][GeneratedMethodAccessor6.invoke:-1] [WebSquareConfig.getStringValue] key[//engineType/@coverage] value[notsupport] defaultValue[notsupport]
11/22 00:44:52.937 [http-nio-8080-exec-2/SEVERE][GeneratedMethodAccessor6.invoke:-1] LoadingModule [websquare.WebSquareEngine][3763500][1]
11/22 00:44:53.135 [http-nio-8080-exec-2/INFO][GeneratedMethodAccessor6.invoke:-1] [WebSquareConfig.getStringValue] key[//webpackType/@etag] value[] defaultValue[support]
11/22 00:44:53.465 [http-nio-8080-exec-9/INFO][GeneratedMethodAccessor6.invoke:-1] [WebSquareConfig.getStringValue] key[//date/encoding/@value] value[] defaultValue[UTF-8]
11/22 00:45:59.924 [http-nio-8080-exec-2/INFO][NativeMethodAccessorImpl.invoke0:-2] [WebSquareConfig.getStringValue] key[//wqDefiner/@value] value[] defaultValue[]
11/22 00:45:59.928 [http-nio-8080-exec-2/INFO][NativeMethodAccessorImpl.invoke0:-2] [WebSquareConfig.getStringValue] key[//upload/@support] value[] defaultValue[true]
11/22 00:45:59.932 [http-nio-8080-exec-2/INFO][NativeMethodAccessorImpl.invoke0:-2] [WebSquareConfig.getStringValue] key[/websquare/upload/maxUploadSize/@value] value[536870912] defaultValue[1048576]
11/22 00:45:59.938 [http-nio-8080-exec-2/INFO][NativeMethodAccessorImpl.invoke0:-2] [WebSquareConfig.getStringValue] key[//upload/encoding/@value] value[UTF-8] defaultValue[KSC5601]
11/22 00:45:59.946 [http-nio-8080-exec-2/INFO][NativeMethodAccessorImpl.invoke0:-2] [WebSquareConfig.getStringValue] key[//upload/baseDir/@value] value[C:\A_teammoca_repository\eclipse_20231025\mocaerp2024\WebContent\fileUpload] defaultValue[null]
11/22 00:45:59.949 [http-nio-8080-exec-2/INFO][NativeMethodAccessorImpl.invoke0:-2] [WebSquareConfig.getStringValue] key[//upload/folderName/@value] value[up] defaultValue[]
11/22 00:45:59.987 [http-nio-8080-exec-2/INFO][NativeMethodAccessorImpl.invoke0:-2] [WebSquareConfig.getStringValue] key[//webpackType/@value] value[] defaultValue[default]
11/22 00:46:00.191 [http-nio-8080-exec-2/INFO][GeneratedMethodAccessor6.invoke:-1] [WebSquareConfig.getStringValue] key[//engineType/@baseFolder] value[] defaultValue[]
11/22 00:46:00.434 [http-nio-8080-exec-2/INFO][GeneratedMethodAccessor6.invoke:-1] [WebSquareConfig.getStringValue] key[//engineType/@coverage] value[notsupport] defaultValue[notsupport]
11/22 00:46:00.435 [http-nio-8080-exec-2/SEVERE][GeneratedMethodAccessor6.invoke:-1] LoadingModule [websquare.WebSquareEngine][3763500][1]
11/22 00:46:00.626 [http-nio-8080-exec-2/INFO][GeneratedMethodAccessor6.invoke:-1] [WebSquareConfig.getStringValue] key[//webpackType/@etag] value[] defaultValue[support]
11/22 00:46:00.775 [http-nio-8080-exec-9/INFO][GeneratedMethodAccessor6.invoke:-1] [WebSquareConfig.getStringValue] key[//date/encoding/@value] value[] defaultValue[UTF-8]
11/22 00:47:19.002 [http-nio-8080-exec-2/INFO][NativeMethodAccessorImpl.invoke0:-2] [WebSquareConfig.getStringValue] key[//wqDefiner/@value] value[] defaultValue[]
11/22 00:47:19.012 [http-nio-8080-exec-2/INFO][NativeMethodAccessorImpl.invoke0:-2] [WebSquareConfig.getStringValue] key[//upload/@support] value[] defaultValue[true]
11/22 00:47:19.017 [http-nio-8080-exec-2/INFO][NativeMethodAccessorImpl.invoke0:-2] [WebSquareConfig.getStringValue] key[/websquare/upload/maxUploadSize/@value] value[536870912] defaultValue[1048576]
11/22 00:47:19.024 [http-nio-8080-exec-2/INFO][NativeMethodAccessorImpl.invoke0:-2] [WebSquareConfig.getStringValue] key[//upload/encoding/@value] value[UTF-8] defaultValue[KSC5601]
11/22 00:47:19.034 [http-nio-8080-exec-2/INFO][NativeMethodAccessorImpl.invoke0:-2] [WebSquareConfig.getStringValue] key[//upload/baseDir/@value] value[C:\A_teammoca_repository\eclipse_20231025\mocaerp2024\WebContent\fileUpload] defaultValue[null]
11/22 00:47:19.036 [http-nio-8080-exec-2/INFO][NativeMethodAccessorImpl.invoke0:-2] [WebSquareConfig.getStringValue] key[//upload/folderName/@value] value[up] defaultValue[]
11/22 00:47:19.088 [http-nio-8080-exec-2/INFO][NativeMethodAccessorImpl.invoke0:-2] [WebSquareConfig.getStringValue] key[//webpackType/@value] value[] defaultValue[default]
11/22 00:47:19.286 [http-nio-8080-exec-2/INFO][GeneratedMethodAccessor6.invoke:-1] [WebSquareConfig.getStringValue] key[//engineType/@baseFolder] value[] defaultValue[]
11/22 00:47:19.512 [http-nio-8080-exec-2/INFO][GeneratedMethodAccessor6.invoke:-1] [WebSquareConfig.getStringValue] key[//engineType/@coverage] value[notsupport] defaultValue[notsupport]
11/22 00:47:19.512 [http-nio-8080-exec-2/SEVERE][GeneratedMethodAccessor6.invoke:-1] LoadingModule [websquare.WebSquareEngine][3763500][1]
11/22 00:47:19.740 [http-nio-8080-exec-2/INFO][GeneratedMethodAccessor6.invoke:-1] [WebSquareConfig.getStringValue] key[//webpackType/@etag] value[] defaultValue[support]
11/22 00:47:19.873 [http-nio-8080-exec-9/INFO][GeneratedMethodAccessor6.invoke:-1] [WebSquareConfig.getStringValue] key[//date/encoding/@value] value[] defaultValue[UTF-8]
11/22 00:48:42.678 [http-nio-8080-exec-2/INFO][NativeMethodAccessorImpl.invoke0:-2] [WebSquareConfig.getStringValue] key[//wqDefiner/@value] value[] defaultValue[]
11/22 00:48:42.681 [http-nio-8080-exec-2/INFO][NativeMethodAccessorImpl.invoke0:-2] [WebSquareConfig.getStringValue] key[//upload/@support] value[] defaultValue[true]
11/22 00:48:42.684 [http-nio-8080-exec-2/INFO][NativeMethodAccessorImpl.invoke0:-2] [WebSquareConfig.getStringValue] key[/websquare/upload/maxUploadSize/@value] value[536870912] defaultValue[1048576]
11/22 00:48:42.693 [http-nio-8080-exec-2/INFO][NativeMethodAccessorImpl.invoke0:-2] [WebSquareConfig.getStringValue] key[//upload/encoding/@value] value[UTF-8] defaultValue[KSC5601]
11/22 00:48:42.699 [http-nio-8080-exec-2/INFO][NativeMethodAccessorImpl.invoke0:-2] [WebSquareConfig.getStringValue] key[//upload/baseDir/@value] value[C:\A_teammoca_repository\eclipse_20231025\mocaerp2024\WebContent\fileUpload] defaultValue[null]
11/22 00:48:42.701 [http-nio-8080-exec-2/INFO][NativeMethodAccessorImpl.invoke0:-2] [WebSquareConfig.getStringValue] key[//upload/folderName/@value] value[up] defaultValue[]
11/22 00:48:42.744 [http-nio-8080-exec-2/INFO][NativeMethodAccessorImpl.invoke0:-2] [WebSquareConfig.getStringValue] key[//webpackType/@value] value[] defaultValue[default]
11/22 00:48:42.983 [http-nio-8080-exec-2/INFO][GeneratedMethodAccessor6.invoke:-1] [WebSquareConfig.getStringValue] key[//engineType/@baseFolder] value[] defaultValue[]
11/22 00:48:43.253 [http-nio-8080-exec-2/INFO][GeneratedMethodAccessor6.invoke:-1] [WebSquareConfig.getStringValue] key[//engineType/@coverage] value[notsupport] defaultValue[notsupport]
11/22 00:48:43.253 [http-nio-8080-exec-2/SEVERE][GeneratedMethodAccessor6.invoke:-1] LoadingModule [websquare.WebSquareEngine][3763500][1]
11/22 00:48:43.481 [http-nio-8080-exec-2/INFO][GeneratedMethodAccessor6.invoke:-1] [WebSquareConfig.getStringValue] key[//webpackType/@etag] value[] defaultValue[support]
11/22 00:48:43.613 [http-nio-8080-exec-9/INFO][GeneratedMethodAccessor6.invoke:-1] [WebSquareConfig.getStringValue] key[//date/encoding/@value] value[] defaultValue[UTF-8]
11/22 00:49:54.561 [http-nio-8080-exec-2/INFO][NativeMethodAccessorImpl.invoke0:-2] [WebSquareConfig.getStringValue] key[//wqDefiner/@value] value[] defaultValue[]
11/22 00:49:54.568 [http-nio-8080-exec-2/INFO][NativeMethodAccessorImpl.invoke0:-2] [WebSquareConfig.getStringValue] key[//upload/@support] value[] defaultValue[true]
11/22 00:49:54.570 [http-nio-8080-exec-2/INFO][NativeMethodAccessorImpl.invoke0:-2] [WebSquareConfig.getStringValue] key[/websquare/upload/maxUploadSize/@value] value[536870912] defaultValue[1048576]
11/22 00:49:54.578 [http-nio-8080-exec-2/INFO][NativeMethodAccessorImpl.invoke0:-2] [WebSquareConfig.getStringValue] key[//upload/encoding/@value] value[UTF-8] defaultValue[KSC5601]
11/22 00:49:54.582 [http-nio-8080-exec-2/INFO][NativeMethodAccessorImpl.invoke0:-2] [WebSquareConfig.getStringValue] key[//upload/baseDir/@value] value[C:\A_teammoca_repository\eclipse_20231025\mocaerp2024\WebContent\fileUpload] defaultValue[null]
11/22 00:49:54.584 [http-nio-8080-exec-2/INFO][NativeMethodAccessorImpl.invoke0:-2] [WebSquareConfig.getStringValue] key[//upload/folderName/@value] value[up] defaultValue[]
11/22 00:49:54.624 [http-nio-8080-exec-2/INFO][NativeMethodAccessorImpl.invoke0:-2] [WebSquareConfig.getStringValue] key[//webpackType/@value] value[] defaultValue[default]
11/22 00:49:54.807 [http-nio-8080-exec-2/INFO][GeneratedMethodAccessor6.invoke:-1] [WebSquareConfig.getStringValue] key[//engineType/@baseFolder] value[] defaultValue[]
11/22 00:49:55.055 [http-nio-8080-exec-2/INFO][GeneratedMethodAccessor6.invoke:-1] [WebSquareConfig.getStringValue] key[//engineType/@coverage] value[notsupport] defaultValue[notsupport]
11/22 00:49:55.055 [http-nio-8080-exec-2/SEVERE][GeneratedMethodAccessor6.invoke:-1] LoadingModule [websquare.WebSquareEngine][3763500][1]
11/22 00:49:55.255 [http-nio-8080-exec-2/INFO][GeneratedMethodAccessor6.invoke:-1] [WebSquareConfig.getStringValue] key[//webpackType/@etag] value[] defaultValue[support]
11/22 00:49:55.391 [http-nio-8080-exec-9/INFO][GeneratedMethodAccessor6.invoke:-1] [WebSquareConfig.getStringValue] key[//date/encoding/@value] value[] defaultValue[UTF-8]
11/22 00:51:36.512 [http-nio-8080-exec-2/INFO][NativeMethodAccessorImpl.invoke0:-2] [WebSquareConfig.getStringValue] key[//wqDefiner/@value] value[] defaultValue[]
11/22 00:51:36.517 [http-nio-8080-exec-2/INFO][NativeMethodAccessorImpl.invoke0:-2] [WebSquareConfig.getStringValue] key[//upload/@support] value[] defaultValue[true]
11/22 00:51:36.520 [http-nio-8080-exec-2/INFO][NativeMethodAccessorImpl.invoke0:-2] [WebSquareConfig.getStringValue] key[/websquare/upload/maxUploadSize/@value] value[536870912] defaultValue[1048576]
11/22 00:51:36.527 [http-nio-8080-exec-2/INFO][NativeMethodAccessorImpl.invoke0:-2] [WebSquareConfig.getStringValue] key[//upload/encoding/@value] value[UTF-8] defaultValue[KSC5601]
11/22 00:51:36.533 [http-nio-8080-exec-2/INFO][NativeMethodAccessorImpl.invoke0:-2] [WebSquareConfig.getStringValue] key[//upload/baseDir/@value] value[C:\A_teammoca_repository\eclipse_20231025\mocaerp2024\WebContent\fileUpload] defaultValue[null]
11/22 00:51:36.535 [http-nio-8080-exec-2/INFO][NativeMethodAccessorImpl.invoke0:-2] [WebSquareConfig.getStringValue] key[//upload/folderName/@value] value[up] defaultValue[]
11/22 00:51:36.565 [http-nio-8080-exec-2/INFO][NativeMethodAccessorImpl.invoke0:-2] [WebSquareConfig.getStringValue] key[//webpackType/@value] value[] defaultValue[default]
11/22 00:51:36.761 [http-nio-8080-exec-2/INFO][GeneratedMethodAccessor6.invoke:-1] [WebSquareConfig.getStringValue] key[//engineType/@baseFolder] value[] defaultValue[]
11/22 00:51:37.004 [http-nio-8080-exec-2/INFO][GeneratedMethodAccessor6.invoke:-1] [WebSquareConfig.getStringValue] key[//engineType/@coverage] value[notsupport] defaultValue[notsupport]
11/22 00:51:37.005 [http-nio-8080-exec-2/SEVERE][GeneratedMethodAccessor6.invoke:-1] LoadingModule [websquare.WebSquareEngine][3763500][1]
11/22 00:51:37.205 [http-nio-8080-exec-2/INFO][GeneratedMethodAccessor6.invoke:-1] [WebSquareConfig.getStringValue] key[//webpackType/@etag] value[] defaultValue[support]
11/22 00:51:37.336 [http-nio-8080-exec-9/INFO][GeneratedMethodAccessor6.invoke:-1] [WebSquareConfig.getStringValue] key[//date/encoding/@value] value[] defaultValue[UTF-8]
11/22 10:41:59.261 [http-nio-8080-exec-2/INFO][NativeMethodAccessorImpl.invoke0:-2] [WebSquareConfig.getStringValue] key[//wqDefiner/@value] value[] defaultValue[]
11/22 10:41:59.265 [http-nio-8080-exec-2/INFO][NativeMethodAccessorImpl.invoke0:-2] [WebSquareConfig.getStringValue] key[//upload/@support] value[] defaultValue[true]
11/22 10:41:59.267 [http-nio-8080-exec-2/INFO][NativeMethodAccessorImpl.invoke0:-2] [WebSquareConfig.getStringValue] key[/websquare/upload/maxUploadSize/@value] value[536870912] defaultValue[1048576]
11/22 10:41:59.274 [http-nio-8080-exec-2/INFO][NativeMethodAccessorImpl.invoke0:-2] [WebSquareConfig.getStringValue] key[//upload/encoding/@value] value[UTF-8] defaultValue[KSC5601]
11/22 10:41:59.278 [http-nio-8080-exec-2/INFO][NativeMethodAccessorImpl.invoke0:-2] [WebSquareConfig.getStringValue] key[//upload/baseDir/@value] value[C:\A_teammoca_repository\eclipse_20231025\mocaerp2024\WebContent\fileUpload] defaultValue[null]
11/22 10:41:59.279 [http-nio-8080-exec-2/INFO][NativeMethodAccessorImpl.invoke0:-2] [WebSquareConfig.getStringValue] key[//upload/folderName/@value] value[up] defaultValue[]
11/22 10:41:59.323 [http-nio-8080-exec-2/INFO][NativeMethodAccessorImpl.invoke0:-2] [WebSquareConfig.getStringValue] key[//webpackType/@value] value[] defaultValue[default]
11/22 10:41:59.531 [http-nio-8080-exec-2/INFO][GeneratedMethodAccessor6.invoke:-1] [WebSquareConfig.getStringValue] key[//engineType/@baseFolder] value[] defaultValue[]
11/22 10:41:59.790 [http-nio-8080-exec-2/INFO][GeneratedMethodAccessor6.invoke:-1] [WebSquareConfig.getStringValue] key[//engineType/@coverage] value[notsupport] defaultValue[notsupport]
11/22 10:41:59.790 [http-nio-8080-exec-2/SEVERE][GeneratedMethodAccessor6.invoke:-1] LoadingModule [websquare.WebSquareEngine][3763500][1]
11/22 10:41:59.985 [http-nio-8080-exec-2/INFO][GeneratedMethodAccessor6.invoke:-1] [WebSquareConfig.getStringValue] key[//webpackType/@etag] value[] defaultValue[support]
11/22 10:42:00.343 [http-nio-8080-exec-1/INFO][GeneratedMethodAccessor6.invoke:-1] [WebSquareConfig.getStringValue] key[//date/encoding/@value] value[] defaultValue[UTF-8]
11/22 13:15:30.205 [http-nio-8080-exec-3/INFO][NativeMethodAccessorImpl.invoke0:-2] [WebSquareConfig.getStringValue] key[//wqDefiner/@value] value[] defaultValue[]
11/22 13:15:30.205 [http-nio-8080-exec-3/INFO][NativeMethodAccessorImpl.invoke0:-2] [WebSquareConfig.getStringValue] key[//upload/@support] value[] defaultValue[true]
11/22 13:15:30.205 [http-nio-8080-exec-3/INFO][NativeMethodAccessorImpl.invoke0:-2] [WebSquareConfig.getStringValue] key[/websquare/upload/maxUploadSize/@value] value[536870912] defaultValue[1048576]
11/22 13:15:30.220 [http-nio-8080-exec-3/INFO][NativeMethodAccessorImpl.invoke0:-2] [WebSquareConfig.getStringValue] key[//upload/encoding/@value] value[UTF-8] defaultValue[KSC5601]
11/22 13:15:30.220 [http-nio-8080-exec-3/INFO][NativeMethodAccessorImpl.invoke0:-2] [WebSquareConfig.getStringValue] key[//upload/baseDir/@value] value[C:\A_teammoca_repository\eclipse_20231025\mocaerp2024\WebContent\fileUpload] defaultValue[null]
11/22 13:15:30.220 [http-nio-8080-exec-3/INFO][NativeMethodAccessorImpl.invoke0:-2] [WebSquareConfig.getStringValue] key[//upload/folderName/@value] value[up] defaultValue[]
11/22 13:15:30.287 [http-nio-8080-exec-3/INFO][NativeMethodAccessorImpl.invoke0:-2] [WebSquareConfig.getStringValue] key[//webpackType/@value] value[] defaultValue[default]
11/22 13:15:30.570 [http-nio-8080-exec-3/INFO][GeneratedMethodAccessor6.invoke:-1] [WebSquareConfig.getStringValue] key[//engineType/@baseFolder] value[] defaultValue[]
11/22 13:15:31.449 [http-nio-8080-exec-3/INFO][GeneratedMethodAccessor6.invoke:-1] [WebSquareConfig.getStringValue] key[//engineType/@coverage] value[notsupport] defaultValue[notsupport]
11/22 13:15:31.449 [http-nio-8080-exec-3/SEVERE][GeneratedMethodAccessor6.invoke:-1] LoadingModule [websquare.WebSquareEngine][3763500][1]
11/22 13:15:31.778 [http-nio-8080-exec-3/INFO][GeneratedMethodAccessor6.invoke:-1] [WebSquareConfig.getStringValue] key[//webpackType/@etag] value[] defaultValue[support]
11/22 13:15:32.479 [http-nio-8080-exec-7/INFO][GeneratedMethodAccessor6.invoke:-1] [WebSquareConfig.getStringValue] key[//date/encoding/@value] value[] defaultValue[UTF-8]
